{"C:\\Projects\\collabboard-client\\backend\\app.js": {"path":"C:\\Projects\\collabboard-client\\backend\\app.js","statementMap":{"0":{"start":{"line":14,"column":0},"end":{"line":14,"column":16}},"1":{"start":{"line":16,"column":12},"end":{"line":16,"column":21}},"2":{"start":{"line":19,"column":0},"end":{"line":21,"column":4}},"3":{"start":{"line":22,"column":0},"end":{"line":22,"column":41}},"4":{"start":{"line":25,"column":0},"end":{"line":33,"column":3}},"5":{"start":{"line":26,"column":4},"end":{"line":31,"column":5}},"6":{"start":{"line":27,"column":8},"end":{"line":30,"column":11}},"7":{"start":{"line":32,"column":4},"end":{"line":32,"column":14}},"8":{"start":{"line":36,"column":0},"end":{"line":46,"column":3}},"9":{"start":{"line":37,"column":19},"end":{"line":43,"column":5}},"10":{"start":{"line":44,"column":20},"end":{"line":44,"column":71}},"11":{"start":{"line":45,"column":4},"end":{"line":45,"column":62}},"12":{"start":{"line":49,"column":0},"end":{"line":49,"column":33}},"13":{"start":{"line":50,"column":0},"end":{"line":50,"column":45}},"14":{"start":{"line":51,"column":0},"end":{"line":51,"column":40}},"15":{"start":{"line":52,"column":0},"end":{"line":52,"column":34}},"16":{"start":{"line":53,"column":0},"end":{"line":53,"column":40}},"17":{"start":{"line":54,"column":0},"end":{"line":54,"column":46}},"18":{"start":{"line":55,"column":0},"end":{"line":55,"column":34}},"19":{"start":{"line":56,"column":0},"end":{"line":56,"column":43}},"20":{"start":{"line":59,"column":0},"end":{"line":83,"column":3}},"21":{"start":{"line":60,"column":4},"end":{"line":60,"column":50}},"22":{"start":{"line":62,"column":4},"end":{"line":69,"column":5}},"23":{"start":{"line":63,"column":22},"end":{"line":63,"column":50}},"24":{"start":{"line":64,"column":33},"end":{"line":64,"column":79}},"25":{"start":{"line":65,"column":8},"end":{"line":68,"column":11}},"26":{"start":{"line":71,"column":4},"end":{"line":77,"column":5}},"27":{"start":{"line":72,"column":25},"end":{"line":72,"column":74}},"28":{"start":{"line":72,"column":62},"end":{"line":72,"column":73}},"29":{"start":{"line":73,"column":8},"end":{"line":76,"column":11}},"30":{"start":{"line":79,"column":4},"end":{"line":82,"column":7}}},"fnMap":{"0":{"name":"(anonymous_0)","decl":{"start":{"line":25,"column":8},"end":{"line":25,"column":9}},"loc":{"start":{"line":25,"column":33},"end":{"line":33,"column":1}},"line":25},"1":{"name":"(anonymous_1)","decl":{"start":{"line":36,"column":23},"end":{"line":36,"column":24}},"loc":{"start":{"line":36,"column":37},"end":{"line":46,"column":1}},"line":36},"2":{"name":"(anonymous_2)","decl":{"start":{"line":59,"column":8},"end":{"line":59,"column":9}},"loc":{"start":{"line":59,"column":33},"end":{"line":83,"column":1}},"line":59},"3":{"name":"(anonymous_3)","decl":{"start":{"line":72,"column":55},"end":{"line":72,"column":56}},"loc":{"start":{"line":72,"column":62},"end":{"line":72,"column":73}},"line":72}},"branchMap":{"0":{"loc":{"start":{"line":26,"column":4},"end":{"line":31,"column":5}},"type":"if","locations":[{"start":{"line":26,"column":4},"end":{"line":31,"column":5}},{"start":{},"end":{}}],"line":26},"1":{"loc":{"start":{"line":26,"column":8},"end":{"line":26,"column":73}},"type":"binary-expr","locations":[{"start":{"line":26,"column":8},"end":{"line":26,"column":34}},{"start":{"line":26,"column":38},"end":{"line":26,"column":56}},{"start":{"line":26,"column":60},"end":{"line":26,"column":73}}],"line":26},"2":{"loc":{"start":{"line":44,"column":20},"end":{"line":44,"column":71}},"type":"binary-expr","locations":[{"start":{"line":44,"column":20},"end":{"line":44,"column":58}},{"start":{"line":44,"column":62},"end":{"line":44,"column":71}}],"line":44},"3":{"loc":{"start":{"line":62,"column":4},"end":{"line":69,"column":5}},"type":"if","locations":[{"start":{"line":62,"column":4},"end":{"line":69,"column":5}},{"start":{},"end":{}}],"line":62},"4":{"loc":{"start":{"line":71,"column":4},"end":{"line":77,"column":5}},"type":"if","locations":[{"start":{"line":71,"column":4},"end":{"line":77,"column":5}},{"start":{},"end":{}}],"line":71},"5":{"loc":{"start":{"line":79,"column":15},"end":{"line":79,"column":32}},"type":"binary-expr","locations":[{"start":{"line":79,"column":15},"end":{"line":79,"column":25}},{"start":{"line":79,"column":29},"end":{"line":79,"column":32}}],"line":79},"6":{"loc":{"start":{"line":81,"column":17},"end":{"line":81,"column":55}},"type":"binary-expr","locations":[{"start":{"line":81,"column":17},"end":{"line":81,"column":28}},{"start":{"line":81,"column":32},"end":{"line":81,"column":55}}],"line":81}},"s":{"0":9,"1":9,"2":9,"3":9,"4":9,"5":1,"6":1,"7":0,"8":9,"9":1,"10":1,"11":1,"12":9,"13":9,"14":9,"15":9,"16":9,"17":9,"18":9,"19":9,"20":9,"21":0,"22":0,"23":0,"24":0,"25":0,"26":0,"27":0,"28":0,"29":0,"30":0},"f":{"0":1,"1":1,"2":0,"3":0},"b":{"0":[1,0],"1":[1,1,1],"2":[1,0],"3":[0,0],"4":[0,0],"5":[0,0],"6":[0,0]},"inputSourceMap":null,"_coverageSchema":"1a1c01bbd47fc00a2c39e90264f33305004495a9","hash":"a8620429cdbd111560a829c020126d8aacdccffd"}
,"C:\\Projects\\collabboard-client\\backend\\src\\config\\cloudinary.js": {"path":"C:\\Projects\\collabboard-client\\backend\\src\\config\\cloudinary.js","statementMap":{"0":{"start":{"line":3,"column":0},"end":{"line":3,"column":16}},"1":{"start":{"line":5,"column":0},"end":{"line":9,"column":3}}},"fnMap":{},"branchMap":{},"s":{"0":9,"1":9},"f":{},"b":{},"inputSourceMap":null,"_coverageSchema":"1a1c01bbd47fc00a2c39e90264f33305004495a9","hash":"5cf637635e4cc61613b9d91f1675124c7293935e"}
,"C:\\Projects\\collabboard-client\\backend\\src\\config\\multer.js": {"path":"C:\\Projects\\collabboard-client\\backend\\src\\config\\multer.js","statementMap":{"0":{"start":{"line":4,"column":16},"end":{"line":4,"column":38}},"1":{"start":{"line":6,"column":19},"end":{"line":13,"column":1}},"2":{"start":{"line":7,"column":29},"end":{"line":7,"column":83}},"3":{"start":{"line":8,"column":4},"end":{"line":12,"column":5}},"4":{"start":{"line":9,"column":8},"end":{"line":9,"column":23}},"5":{"start":{"line":11,"column":8},"end":{"line":11,"column":84}},"6":{"start":{"line":15,"column":25},"end":{"line":18,"column":1}},"7":{"start":{"line":17,"column":4},"end":{"line":17,"column":19}},"8":{"start":{"line":21,"column":27},"end":{"line":25,"column":2}},"9":{"start":{"line":28,"column":26},"end":{"line":32,"column":2}},"10":{"start":{"line":35,"column":28},"end":{"line":39,"column":2}}},"fnMap":{"0":{"name":"(anonymous_0)","decl":{"start":{"line":6,"column":19},"end":{"line":6,"column":20}},"loc":{"start":{"line":6,"column":38},"end":{"line":13,"column":1}},"line":6},"1":{"name":"(anonymous_1)","decl":{"start":{"line":15,"column":25},"end":{"line":15,"column":26}},"loc":{"start":{"line":15,"column":44},"end":{"line":18,"column":1}},"line":15}},"branchMap":{"0":{"loc":{"start":{"line":8,"column":4},"end":{"line":12,"column":5}},"type":"if","locations":[{"start":{"line":8,"column":4},"end":{"line":12,"column":5}},{"start":{"line":10,"column":11},"end":{"line":12,"column":5}}],"line":8}},"s":{"0":9,"1":9,"2":0,"3":0,"4":0,"5":0,"6":9,"7":0,"8":9,"9":9,"10":9},"f":{"0":0,"1":0},"b":{"0":[0,0]},"inputSourceMap":null,"_coverageSchema":"1a1c01bbd47fc00a2c39e90264f33305004495a9","hash":"c9733da0b37002d2dcbf502ef6391c3d0ca97c8c"}
,"C:\\Projects\\collabboard-client\\backend\\src\\config\\socket.js": {"path":"C:\\Projects\\collabboard-client\\backend\\src\\config\\socket.js","statementMap":{"0":{"start":{"line":6,"column":22},"end":{"line":55,"column":1}},"1":{"start":{"line":7,"column":4},"end":{"line":12,"column":7}},"2":{"start":{"line":15,"column":4},"end":{"line":28,"column":7}},"3":{"start":{"line":16,"column":22},"end":{"line":16,"column":50}},"4":{"start":{"line":17,"column":8},"end":{"line":19,"column":9}},"5":{"start":{"line":18,"column":12},"end":{"line":18,"column":75}},"6":{"start":{"line":21,"column":8},"end":{"line":27,"column":9}},"7":{"start":{"line":22,"column":28},"end":{"line":22,"column":97}},"8":{"start":{"line":23,"column":12},"end":{"line":23,"column":34}},"9":{"start":{"line":24,"column":12},"end":{"line":24,"column":19}},"10":{"start":{"line":26,"column":12},"end":{"line":26,"column":67}},"11":{"start":{"line":30,"column":4},"end":{"line":52,"column":7}},"12":{"start":{"line":31,"column":8},"end":{"line":31,"column":80}},"13":{"start":{"line":34,"column":8},"end":{"line":39,"column":11}},"14":{"start":{"line":35,"column":12},"end":{"line":38,"column":13}},"15":{"start":{"line":36,"column":16},"end":{"line":36,"column":50}},"16":{"start":{"line":37,"column":16},"end":{"line":37,"column":77}},"17":{"start":{"line":42,"column":8},"end":{"line":47,"column":11}},"18":{"start":{"line":43,"column":12},"end":{"line":46,"column":13}},"19":{"start":{"line":44,"column":16},"end":{"line":44,"column":51}},"20":{"start":{"line":45,"column":16},"end":{"line":45,"column":75}},"21":{"start":{"line":49,"column":8},"end":{"line":51,"column":11}},"22":{"start":{"line":50,"column":12},"end":{"line":50,"column":61}},"23":{"start":{"line":54,"column":4},"end":{"line":54,"column":14}},"24":{"start":{"line":57,"column":21},"end":{"line":62,"column":1}},"25":{"start":{"line":58,"column":4},"end":{"line":60,"column":5}},"26":{"start":{"line":59,"column":8},"end":{"line":59,"column":54}},"27":{"start":{"line":61,"column":4},"end":{"line":61,"column":14}}},"fnMap":{"0":{"name":"(anonymous_0)","decl":{"start":{"line":6,"column":22},"end":{"line":6,"column":23}},"loc":{"start":{"line":6,"column":38},"end":{"line":55,"column":1}},"line":6},"1":{"name":"(anonymous_1)","decl":{"start":{"line":15,"column":11},"end":{"line":15,"column":12}},"loc":{"start":{"line":15,"column":29},"end":{"line":28,"column":5}},"line":15},"2":{"name":"(anonymous_2)","decl":{"start":{"line":30,"column":24},"end":{"line":30,"column":25}},"loc":{"start":{"line":30,"column":36},"end":{"line":52,"column":5}},"line":30},"3":{"name":"(anonymous_3)","decl":{"start":{"line":34,"column":32},"end":{"line":34,"column":33}},"loc":{"start":{"line":34,"column":47},"end":{"line":39,"column":9}},"line":34},"4":{"name":"(anonymous_4)","decl":{"start":{"line":42,"column":33},"end":{"line":42,"column":34}},"loc":{"start":{"line":42,"column":48},"end":{"line":47,"column":9}},"line":42},"5":{"name":"(anonymous_5)","decl":{"start":{"line":49,"column":32},"end":{"line":49,"column":33}},"loc":{"start":{"line":49,"column":38},"end":{"line":51,"column":9}},"line":49},"6":{"name":"(anonymous_6)","decl":{"start":{"line":57,"column":21},"end":{"line":57,"column":22}},"loc":{"start":{"line":57,"column":27},"end":{"line":62,"column":1}},"line":57}},"branchMap":{"0":{"loc":{"start":{"line":17,"column":8},"end":{"line":19,"column":9}},"type":"if","locations":[{"start":{"line":17,"column":8},"end":{"line":19,"column":9}},{"start":{},"end":{}}],"line":17},"1":{"loc":{"start":{"line":22,"column":46},"end":{"line":22,"column":96}},"type":"binary-expr","locations":[{"start":{"line":22,"column":46},"end":{"line":22,"column":68}},{"start":{"line":22,"column":72},"end":{"line":22,"column":96}}],"line":22},"2":{"loc":{"start":{"line":35,"column":12},"end":{"line":38,"column":13}},"type":"if","locations":[{"start":{"line":35,"column":12},"end":{"line":38,"column":13}},{"start":{},"end":{}}],"line":35},"3":{"loc":{"start":{"line":43,"column":12},"end":{"line":46,"column":13}},"type":"if","locations":[{"start":{"line":43,"column":12},"end":{"line":46,"column":13}},{"start":{},"end":{}}],"line":43},"4":{"loc":{"start":{"line":58,"column":4},"end":{"line":60,"column":5}},"type":"if","locations":[{"start":{"line":58,"column":4},"end":{"line":60,"column":5}},{"start":{},"end":{}}],"line":58}},"s":{"0":9,"1":0,"2":0,"3":0,"4":0,"5":0,"6":0,"7":0,"8":0,"9":0,"10":0,"11":0,"12":0,"13":0,"14":0,"15":0,"16":0,"17":0,"18":0,"19":0,"20":0,"21":0,"22":0,"23":0,"24":9,"25":10,"26":10,"27":0},"f":{"0":0,"1":0,"2":0,"3":0,"4":0,"5":0,"6":10},"b":{"0":[0,0],"1":[0,0],"2":[0,0],"3":[0,0],"4":[10,0]},"inputSourceMap":null,"_coverageSchema":"1a1c01bbd47fc00a2c39e90264f33305004495a9","hash":"c12dc9cb860ea6c606f0859d16d83bb83c38ac7f"}
,"C:\\Projects\\collabboard-client\\backend\\src\\controllers\\attachmentController.js": {"path":"C:\\Projects\\collabboard-client\\backend\\src\\controllers\\attachmentController.js","statementMap":{"0":{"start":{"line":5,"column":33},"end":{"line":21,"column":1}},"1":{"start":{"line":6,"column":4},"end":{"line":20,"column":5}},"2":{"start":{"line":7,"column":27},"end":{"line":7,"column":87}},"3":{"start":{"line":8,"column":8},"end":{"line":8,"column":107}},"4":{"start":{"line":8,"column":25},"end":{"line":8,"column":107}},"5":{"start":{"line":10,"column":8},"end":{"line":10,"column":74}},"6":{"start":{"line":12,"column":8},"end":{"line":14,"column":9}},"7":{"start":{"line":13,"column":12},"end":{"line":13,"column":92}},"8":{"start":{"line":15,"column":8},"end":{"line":18,"column":9}},"9":{"start":{"line":16,"column":29},"end":{"line":16,"column":80}},"10":{"start":{"line":16,"column":68},"end":{"line":16,"column":79}},"11":{"start":{"line":17,"column":12},"end":{"line":17,"column":91}},"12":{"start":{"line":19,"column":8},"end":{"line":19,"column":75}},"13":{"start":{"line":23,"column":36},"end":{"line":53,"column":1}},"14":{"start":{"line":24,"column":4},"end":{"line":52,"column":5}},"15":{"start":{"line":25,"column":27},"end":{"line":25,"column":87}},"16":{"start":{"line":26,"column":8},"end":{"line":26,"column":107}},"17":{"start":{"line":26,"column":25},"end":{"line":26,"column":107}},"18":{"start":{"line":28,"column":8},"end":{"line":30,"column":9}},"19":{"start":{"line":29,"column":12},"end":{"line":29,"column":89}},"20":{"start":{"line":29,"column":18},"end":{"line":29,"column":73}},"21":{"start":{"line":32,"column":8},"end":{"line":32,"column":78}},"22":{"start":{"line":34,"column":8},"end":{"line":40,"column":9}},"23":{"start":{"line":35,"column":25},"end":{"line":35,"column":73}},"24":{"start":{"line":36,"column":12},"end":{"line":39,"column":13}},"25":{"start":{"line":37,"column":16},"end":{"line":37,"column":54}},"26":{"start":{"line":38,"column":16},"end":{"line":38,"column":48}},"27":{"start":{"line":42,"column":8},"end":{"line":42,"column":96}},"28":{"start":{"line":44,"column":8},"end":{"line":46,"column":9}},"29":{"start":{"line":45,"column":12},"end":{"line":45,"column":92}},"30":{"start":{"line":47,"column":8},"end":{"line":50,"column":9}},"31":{"start":{"line":48,"column":29},"end":{"line":48,"column":80}},"32":{"start":{"line":48,"column":68},"end":{"line":48,"column":79}},"33":{"start":{"line":49,"column":12},"end":{"line":49,"column":91}},"34":{"start":{"line":51,"column":8},"end":{"line":51,"column":75}}},"fnMap":{"0":{"name":"(anonymous_0)","decl":{"start":{"line":5,"column":33},"end":{"line":5,"column":34}},"loc":{"start":{"line":5,"column":53},"end":{"line":21,"column":1}},"line":5},"1":{"name":"(anonymous_1)","decl":{"start":{"line":16,"column":61},"end":{"line":16,"column":62}},"loc":{"start":{"line":16,"column":68},"end":{"line":16,"column":79}},"line":16},"2":{"name":"(anonymous_2)","decl":{"start":{"line":23,"column":36},"end":{"line":23,"column":37}},"loc":{"start":{"line":23,"column":56},"end":{"line":53,"column":1}},"line":23},"3":{"name":"(anonymous_3)","decl":{"start":{"line":48,"column":61},"end":{"line":48,"column":62}},"loc":{"start":{"line":48,"column":68},"end":{"line":48,"column":79}},"line":48}},"branchMap":{"0":{"loc":{"start":{"line":8,"column":8},"end":{"line":8,"column":107}},"type":"if","locations":[{"start":{"line":8,"column":8},"end":{"line":8,"column":107}},{"start":{},"end":{}}],"line":8},"1":{"loc":{"start":{"line":12,"column":8},"end":{"line":14,"column":9}},"type":"if","locations":[{"start":{"line":12,"column":8},"end":{"line":14,"column":9}},{"start":{},"end":{}}],"line":12},"2":{"loc":{"start":{"line":12,"column":12},"end":{"line":12,"column":67}},"type":"binary-expr","locations":[{"start":{"line":12,"column":12},"end":{"line":12,"column":38}},{"start":{"line":12,"column":42},"end":{"line":12,"column":67}}],"line":12},"3":{"loc":{"start":{"line":15,"column":8},"end":{"line":18,"column":9}},"type":"if","locations":[{"start":{"line":15,"column":8},"end":{"line":18,"column":9}},{"start":{},"end":{}}],"line":15},"4":{"loc":{"start":{"line":26,"column":8},"end":{"line":26,"column":107}},"type":"if","locations":[{"start":{"line":26,"column":8},"end":{"line":26,"column":107}},{"start":{},"end":{}}],"line":26},"5":{"loc":{"start":{"line":28,"column":8},"end":{"line":30,"column":9}},"type":"if","locations":[{"start":{"line":28,"column":8},"end":{"line":30,"column":9}},{"start":{},"end":{}}],"line":28},"6":{"loc":{"start":{"line":34,"column":8},"end":{"line":40,"column":9}},"type":"if","locations":[{"start":{"line":34,"column":8},"end":{"line":40,"column":9}},{"start":{},"end":{}}],"line":34},"7":{"loc":{"start":{"line":36,"column":12},"end":{"line":39,"column":13}},"type":"if","locations":[{"start":{"line":36,"column":12},"end":{"line":39,"column":13}},{"start":{},"end":{}}],"line":36},"8":{"loc":{"start":{"line":36,"column":16},"end":{"line":36,"column":40}},"type":"binary-expr","locations":[{"start":{"line":36,"column":16},"end":{"line":36,"column":20}},{"start":{"line":36,"column":24},"end":{"line":36,"column":40}}],"line":36},"9":{"loc":{"start":{"line":44,"column":8},"end":{"line":46,"column":9}},"type":"if","locations":[{"start":{"line":44,"column":8},"end":{"line":46,"column":9}},{"start":{},"end":{}}],"line":44},"10":{"loc":{"start":{"line":44,"column":12},"end":{"line":44,"column":67}},"type":"binary-expr","locations":[{"start":{"line":44,"column":12},"end":{"line":44,"column":38}},{"start":{"line":44,"column":42},"end":{"line":44,"column":67}}],"line":44},"11":{"loc":{"start":{"line":47,"column":8},"end":{"line":50,"column":9}},"type":"if","locations":[{"start":{"line":47,"column":8},"end":{"line":50,"column":9}},{"start":{},"end":{}}],"line":47}},"s":{"0":9,"1":0,"2":0,"3":0,"4":0,"5":0,"6":0,"7":0,"8":0,"9":0,"10":0,"11":0,"12":0,"13":9,"14":0,"15":0,"16":0,"17":0,"18":0,"19":0,"20":0,"21":0,"22":0,"23":0,"24":0,"25":0,"26":0,"27":0,"28":0,"29":0,"30":0,"31":0,"32":0,"33":0,"34":0},"f":{"0":0,"1":0,"2":0,"3":0},"b":{"0":[0,0],"1":[0,0],"2":[0,0],"3":[0,0],"4":[0,0],"5":[0,0],"6":[0,0],"7":[0,0],"8":[0,0],"9":[0,0],"10":[0,0],"11":[0,0]},"inputSourceMap":null,"_coverageSchema":"1a1c01bbd47fc00a2c39e90264f33305004495a9","hash":"f1e8799ef677bebcaa7f639a1f117db942d857fb"}
,"C:\\Projects\\collabboard-client\\backend\\src\\controllers\\authController.js": {"path":"C:\\Projects\\collabboard-client\\backend\\src\\controllers\\authController.js","statementMap":{"0":{"start":{"line":7,"column":28},"end":{"line":55,"column":1}},"1":{"start":{"line":8,"column":4},"end":{"line":54,"column":5}},"2":{"start":{"line":9,"column":42},"end":{"line":9,"column":50}},"3":{"start":{"line":11,"column":8},"end":{"line":13,"column":9}},"4":{"start":{"line":12,"column":12},"end":{"line":12,"column":112}},"5":{"start":{"line":15,"column":27},"end":{"line":15,"column":66}},"6":{"start":{"line":16,"column":8},"end":{"line":18,"column":9}},"7":{"start":{"line":17,"column":12},"end":{"line":17,"column":101}},"8":{"start":{"line":20,"column":21},"end":{"line":20,"column":45}},"9":{"start":{"line":21,"column":31},"end":{"line":21,"column":64}},"10":{"start":{"line":23,"column":24},"end":{"line":27,"column":10}},"11":{"start":{"line":29,"column":8},"end":{"line":38,"column":11}},"12":{"start":{"line":40,"column":8},"end":{"line":42,"column":9}},"13":{"start":{"line":41,"column":12},"end":{"line":41,"column":92}},"14":{"start":{"line":43,"column":8},"end":{"line":46,"column":9}},"15":{"start":{"line":44,"column":29},"end":{"line":44,"column":80}},"16":{"start":{"line":44,"column":68},"end":{"line":44,"column":79}},"17":{"start":{"line":45,"column":12},"end":{"line":45,"column":91}},"18":{"start":{"line":47,"column":8},"end":{"line":51,"column":9}},"19":{"start":{"line":48,"column":26},"end":{"line":48,"column":56}},"20":{"start":{"line":49,"column":37},"end":{"line":49,"column":83}},"21":{"start":{"line":50,"column":12},"end":{"line":50,"column":108}},"22":{"start":{"line":52,"column":8},"end":{"line":52,"column":52}},"23":{"start":{"line":53,"column":8},"end":{"line":53,"column":75}},"24":{"start":{"line":57,"column":25},"end":{"line":113,"column":1}},"25":{"start":{"line":58,"column":4},"end":{"line":112,"column":5}},"26":{"start":{"line":59,"column":36},"end":{"line":59,"column":44}},"27":{"start":{"line":61,"column":8},"end":{"line":63,"column":9}},"28":{"start":{"line":62,"column":12},"end":{"line":62,"column":105}},"29":{"start":{"line":65,"column":21},"end":{"line":65,"column":60}},"30":{"start":{"line":66,"column":8},"end":{"line":68,"column":9}},"31":{"start":{"line":67,"column":12},"end":{"line":67,"column":93}},"32":{"start":{"line":70,"column":24},"end":{"line":70,"column":69}},"33":{"start":{"line":71,"column":8},"end":{"line":73,"column":9}},"34":{"start":{"line":72,"column":12},"end":{"line":72,"column":93}},"35":{"start":{"line":75,"column":24},"end":{"line":78,"column":9}},"36":{"start":{"line":80,"column":22},"end":{"line":84,"column":9}},"37":{"start":{"line":86,"column":8},"end":{"line":101,"column":11}},"38":{"start":{"line":103,"column":8},"end":{"line":105,"column":9}},"39":{"start":{"line":104,"column":12},"end":{"line":104,"column":92}},"40":{"start":{"line":106,"column":8},"end":{"line":109,"column":9}},"41":{"start":{"line":107,"column":29},"end":{"line":107,"column":80}},"42":{"start":{"line":107,"column":68},"end":{"line":107,"column":79}},"43":{"start":{"line":108,"column":12},"end":{"line":108,"column":91}},"44":{"start":{"line":110,"column":8},"end":{"line":110,"column":45}},"45":{"start":{"line":111,"column":8},"end":{"line":111,"column":75}},"46":{"start":{"line":115,"column":30},"end":{"line":147,"column":1}},"47":{"start":{"line":116,"column":4},"end":{"line":146,"column":5}},"48":{"start":{"line":117,"column":21},"end":{"line":117,"column":78}},"49":{"start":{"line":118,"column":8},"end":{"line":120,"column":9}},"50":{"start":{"line":119,"column":12},"end":{"line":119,"column":88}},"51":{"start":{"line":122,"column":8},"end":{"line":135,"column":11}},"52":{"start":{"line":137,"column":8},"end":{"line":139,"column":9}},"53":{"start":{"line":138,"column":12},"end":{"line":138,"column":92}},"54":{"start":{"line":140,"column":8},"end":{"line":143,"column":9}},"55":{"start":{"line":141,"column":29},"end":{"line":141,"column":80}},"56":{"start":{"line":141,"column":68},"end":{"line":141,"column":79}},"57":{"start":{"line":142,"column":12},"end":{"line":142,"column":91}},"58":{"start":{"line":144,"column":8},"end":{"line":144,"column":56}},"59":{"start":{"line":145,"column":8},"end":{"line":145,"column":75}},"60":{"start":{"line":149,"column":30},"end":{"line":199,"column":1}},"61":{"start":{"line":150,"column":4},"end":{"line":198,"column":5}},"62":{"start":{"line":151,"column":26},"end":{"line":151,"column":34}},"63":{"start":{"line":152,"column":8},"end":{"line":154,"column":9}},"64":{"start":{"line":153,"column":12},"end":{"line":153,"column":91}},"65":{"start":{"line":156,"column":21},"end":{"line":156,"column":60}},"66":{"start":{"line":157,"column":8},"end":{"line":159,"column":9}},"67":{"start":{"line":158,"column":12},"end":{"line":158,"column":88}},"68":{"start":{"line":161,"column":20},"end":{"line":161,"column":74}},"69":{"start":{"line":162,"column":26},"end":{"line":162,"column":63}},"70":{"start":{"line":164,"column":8},"end":{"line":164,"column":61}},"71":{"start":{"line":165,"column":8},"end":{"line":169,"column":11}},"72":{"start":{"line":171,"column":28},"end":{"line":178,"column":10}},"73":{"start":{"line":180,"column":8},"end":{"line":185,"column":11}},"74":{"start":{"line":187,"column":8},"end":{"line":187,"column":82}},"75":{"start":{"line":189,"column":8},"end":{"line":191,"column":9}},"76":{"start":{"line":190,"column":12},"end":{"line":190,"column":92}},"77":{"start":{"line":192,"column":8},"end":{"line":195,"column":9}},"78":{"start":{"line":193,"column":29},"end":{"line":193,"column":80}},"79":{"start":{"line":193,"column":68},"end":{"line":193,"column":79}},"80":{"start":{"line":194,"column":12},"end":{"line":194,"column":91}},"81":{"start":{"line":196,"column":8},"end":{"line":196,"column":55}},"82":{"start":{"line":197,"column":8},"end":{"line":197,"column":93}},"83":{"start":{"line":201,"column":29},"end":{"line":243,"column":1}},"84":{"start":{"line":202,"column":4},"end":{"line":242,"column":5}},"85":{"start":{"line":203,"column":44},"end":{"line":203,"column":52}},"86":{"start":{"line":204,"column":8},"end":{"line":206,"column":9}},"87":{"start":{"line":205,"column":12},"end":{"line":205,"column":115}},"88":{"start":{"line":208,"column":21},"end":{"line":208,"column":60}},"89":{"start":{"line":209,"column":8},"end":{"line":211,"column":9}},"90":{"start":{"line":210,"column":12},"end":{"line":210,"column":88}},"91":{"start":{"line":213,"column":30},"end":{"line":213,"column":79}},"92":{"start":{"line":215,"column":8},"end":{"line":217,"column":9}},"93":{"start":{"line":216,"column":12},"end":{"line":216,"column":85}},"94":{"start":{"line":219,"column":8},"end":{"line":221,"column":9}},"95":{"start":{"line":220,"column":12},"end":{"line":220,"column":89}},"96":{"start":{"line":223,"column":21},"end":{"line":223,"column":45}},"97":{"start":{"line":224,"column":31},"end":{"line":224,"column":67}},"98":{"start":{"line":226,"column":8},"end":{"line":226,"column":39}},"99":{"start":{"line":227,"column":8},"end":{"line":227,"column":41}},"100":{"start":{"line":229,"column":8},"end":{"line":229,"column":66}},"101":{"start":{"line":231,"column":8},"end":{"line":231,"column":92}},"102":{"start":{"line":233,"column":8},"end":{"line":235,"column":9}},"103":{"start":{"line":234,"column":12},"end":{"line":234,"column":92}},"104":{"start":{"line":236,"column":8},"end":{"line":239,"column":9}},"105":{"start":{"line":237,"column":29},"end":{"line":237,"column":80}},"106":{"start":{"line":237,"column":68},"end":{"line":237,"column":79}},"107":{"start":{"line":238,"column":12},"end":{"line":238,"column":91}},"108":{"start":{"line":240,"column":8},"end":{"line":240,"column":54}},"109":{"start":{"line":241,"column":8},"end":{"line":241,"column":75}},"110":{"start":{"line":245,"column":29},"end":{"line":291,"column":1}},"111":{"start":{"line":246,"column":4},"end":{"line":290,"column":5}},"112":{"start":{"line":247,"column":40},"end":{"line":247,"column":48}},"113":{"start":{"line":249,"column":8},"end":{"line":251,"column":9}},"114":{"start":{"line":250,"column":12},"end":{"line":250,"column":111}},"115":{"start":{"line":253,"column":21},"end":{"line":253,"column":63}},"116":{"start":{"line":255,"column":8},"end":{"line":257,"column":9}},"117":{"start":{"line":256,"column":12},"end":{"line":256,"column":88}},"118":{"start":{"line":259,"column":8},"end":{"line":259,"column":42}},"119":{"start":{"line":260,"column":8},"end":{"line":260,"column":40}},"120":{"start":{"line":261,"column":8},"end":{"line":261,"column":61}},"121":{"start":{"line":263,"column":8},"end":{"line":263,"column":41}},"122":{"start":{"line":265,"column":8},"end":{"line":279,"column":11}},"123":{"start":{"line":281,"column":8},"end":{"line":283,"column":9}},"124":{"start":{"line":282,"column":12},"end":{"line":282,"column":92}},"125":{"start":{"line":284,"column":8},"end":{"line":287,"column":9}},"126":{"start":{"line":285,"column":29},"end":{"line":285,"column":80}},"127":{"start":{"line":285,"column":68},"end":{"line":285,"column":79}},"128":{"start":{"line":286,"column":12},"end":{"line":286,"column":91}},"129":{"start":{"line":288,"column":8},"end":{"line":288,"column":54}},"130":{"start":{"line":289,"column":8},"end":{"line":289,"column":75}},"131":{"start":{"line":293,"column":27},"end":{"line":351,"column":1}},"132":{"start":{"line":294,"column":4},"end":{"line":350,"column":5}},"133":{"start":{"line":295,"column":43},"end":{"line":295,"column":51}},"134":{"start":{"line":297,"column":8},"end":{"line":299,"column":9}},"135":{"start":{"line":298,"column":12},"end":{"line":298,"column":117}},"136":{"start":{"line":301,"column":21},"end":{"line":301,"column":63}},"137":{"start":{"line":303,"column":8},"end":{"line":305,"column":9}},"138":{"start":{"line":304,"column":12},"end":{"line":304,"column":88}},"139":{"start":{"line":307,"column":24},"end":{"line":307,"column":76}},"140":{"start":{"line":308,"column":8},"end":{"line":310,"column":9}},"141":{"start":{"line":309,"column":12},"end":{"line":309,"column":103}},"142":{"start":{"line":312,"column":27},"end":{"line":312,"column":115}},"143":{"start":{"line":313,"column":8},"end":{"line":315,"column":9}},"144":{"start":{"line":314,"column":12},"end":{"line":314,"column":120}},"145":{"start":{"line":317,"column":8},"end":{"line":317,"column":48}},"146":{"start":{"line":318,"column":8},"end":{"line":318,"column":41}},"147":{"start":{"line":320,"column":8},"end":{"line":334,"column":11}},"148":{"start":{"line":336,"column":8},"end":{"line":338,"column":9}},"149":{"start":{"line":337,"column":12},"end":{"line":337,"column":92}},"150":{"start":{"line":339,"column":8},"end":{"line":342,"column":9}},"151":{"start":{"line":340,"column":29},"end":{"line":340,"column":80}},"152":{"start":{"line":340,"column":68},"end":{"line":340,"column":79}},"153":{"start":{"line":341,"column":12},"end":{"line":341,"column":91}},"154":{"start":{"line":343,"column":8},"end":{"line":347,"column":9}},"155":{"start":{"line":344,"column":26},"end":{"line":344,"column":56}},"156":{"start":{"line":345,"column":37},"end":{"line":345,"column":83}},"157":{"start":{"line":346,"column":12},"end":{"line":346,"column":108}},"158":{"start":{"line":348,"column":8},"end":{"line":348,"column":52}},"159":{"start":{"line":349,"column":8},"end":{"line":349,"column":75}},"160":{"start":{"line":353,"column":30},"end":{"line":401,"column":1}},"161":{"start":{"line":354,"column":4},"end":{"line":400,"column":5}},"162":{"start":{"line":355,"column":69},"end":{"line":355,"column":77}},"163":{"start":{"line":357,"column":8},"end":{"line":359,"column":9}},"164":{"start":{"line":358,"column":12},"end":{"line":358,"column":139}},"165":{"start":{"line":361,"column":8},"end":{"line":363,"column":9}},"166":{"start":{"line":362,"column":12},"end":{"line":362,"column":120}},"167":{"start":{"line":365,"column":8},"end":{"line":367,"column":9}},"168":{"start":{"line":366,"column":12},"end":{"line":366,"column":116}},"169":{"start":{"line":369,"column":21},"end":{"line":369,"column":63}},"170":{"start":{"line":371,"column":8},"end":{"line":373,"column":9}},"171":{"start":{"line":372,"column":12},"end":{"line":372,"column":88}},"172":{"start":{"line":375,"column":24},"end":{"line":375,"column":76}},"173":{"start":{"line":376,"column":8},"end":{"line":378,"column":9}},"174":{"start":{"line":377,"column":12},"end":{"line":377,"column":103}},"175":{"start":{"line":380,"column":21},"end":{"line":380,"column":45}},"176":{"start":{"line":381,"column":31},"end":{"line":381,"column":67}},"177":{"start":{"line":383,"column":8},"end":{"line":383,"column":39}},"178":{"start":{"line":384,"column":8},"end":{"line":384,"column":41}},"179":{"start":{"line":386,"column":8},"end":{"line":389,"column":11}},"180":{"start":{"line":391,"column":8},"end":{"line":393,"column":9}},"181":{"start":{"line":392,"column":12},"end":{"line":392,"column":92}},"182":{"start":{"line":394,"column":8},"end":{"line":397,"column":9}},"183":{"start":{"line":395,"column":29},"end":{"line":395,"column":80}},"184":{"start":{"line":395,"column":68},"end":{"line":395,"column":79}},"185":{"start":{"line":396,"column":12},"end":{"line":396,"column":91}},"186":{"start":{"line":398,"column":8},"end":{"line":398,"column":55}},"187":{"start":{"line":399,"column":8},"end":{"line":399,"column":75}}},"fnMap":{"0":{"name":"(anonymous_0)","decl":{"start":{"line":7,"column":28},"end":{"line":7,"column":29}},"loc":{"start":{"line":7,"column":48},"end":{"line":55,"column":1}},"line":7},"1":{"name":"(anonymous_1)","decl":{"start":{"line":44,"column":61},"end":{"line":44,"column":62}},"loc":{"start":{"line":44,"column":68},"end":{"line":44,"column":79}},"line":44},"2":{"name":"(anonymous_2)","decl":{"start":{"line":57,"column":25},"end":{"line":57,"column":26}},"loc":{"start":{"line":57,"column":45},"end":{"line":113,"column":1}},"line":57},"3":{"name":"(anonymous_3)","decl":{"start":{"line":107,"column":61},"end":{"line":107,"column":62}},"loc":{"start":{"line":107,"column":68},"end":{"line":107,"column":79}},"line":107},"4":{"name":"(anonymous_4)","decl":{"start":{"line":115,"column":30},"end":{"line":115,"column":31}},"loc":{"start":{"line":115,"column":50},"end":{"line":147,"column":1}},"line":115},"5":{"name":"(anonymous_5)","decl":{"start":{"line":141,"column":61},"end":{"line":141,"column":62}},"loc":{"start":{"line":141,"column":68},"end":{"line":141,"column":79}},"line":141},"6":{"name":"(anonymous_6)","decl":{"start":{"line":149,"column":30},"end":{"line":149,"column":31}},"loc":{"start":{"line":149,"column":50},"end":{"line":199,"column":1}},"line":149},"7":{"name":"(anonymous_7)","decl":{"start":{"line":193,"column":61},"end":{"line":193,"column":62}},"loc":{"start":{"line":193,"column":68},"end":{"line":193,"column":79}},"line":193},"8":{"name":"(anonymous_8)","decl":{"start":{"line":201,"column":29},"end":{"line":201,"column":30}},"loc":{"start":{"line":201,"column":49},"end":{"line":243,"column":1}},"line":201},"9":{"name":"(anonymous_9)","decl":{"start":{"line":237,"column":61},"end":{"line":237,"column":62}},"loc":{"start":{"line":237,"column":68},"end":{"line":237,"column":79}},"line":237},"10":{"name":"(anonymous_10)","decl":{"start":{"line":245,"column":29},"end":{"line":245,"column":30}},"loc":{"start":{"line":245,"column":49},"end":{"line":291,"column":1}},"line":245},"11":{"name":"(anonymous_11)","decl":{"start":{"line":285,"column":61},"end":{"line":285,"column":62}},"loc":{"start":{"line":285,"column":68},"end":{"line":285,"column":79}},"line":285},"12":{"name":"(anonymous_12)","decl":{"start":{"line":293,"column":27},"end":{"line":293,"column":28}},"loc":{"start":{"line":293,"column":47},"end":{"line":351,"column":1}},"line":293},"13":{"name":"(anonymous_13)","decl":{"start":{"line":340,"column":61},"end":{"line":340,"column":62}},"loc":{"start":{"line":340,"column":68},"end":{"line":340,"column":79}},"line":340},"14":{"name":"(anonymous_14)","decl":{"start":{"line":353,"column":30},"end":{"line":353,"column":31}},"loc":{"start":{"line":353,"column":50},"end":{"line":401,"column":1}},"line":353},"15":{"name":"(anonymous_15)","decl":{"start":{"line":395,"column":61},"end":{"line":395,"column":62}},"loc":{"start":{"line":395,"column":68},"end":{"line":395,"column":79}},"line":395}},"branchMap":{"0":{"loc":{"start":{"line":11,"column":8},"end":{"line":13,"column":9}},"type":"if","locations":[{"start":{"line":11,"column":8},"end":{"line":13,"column":9}},{"start":{},"end":{}}],"line":11},"1":{"loc":{"start":{"line":11,"column":12},"end":{"line":11,"column":40}},"type":"binary-expr","locations":[{"start":{"line":11,"column":12},"end":{"line":11,"column":17}},{"start":{"line":11,"column":21},"end":{"line":11,"column":27}},{"start":{"line":11,"column":31},"end":{"line":11,"column":40}}],"line":11},"2":{"loc":{"start":{"line":16,"column":8},"end":{"line":18,"column":9}},"type":"if","locations":[{"start":{"line":16,"column":8},"end":{"line":18,"column":9}},{"start":{},"end":{}}],"line":16},"3":{"loc":{"start":{"line":40,"column":8},"end":{"line":42,"column":9}},"type":"if","locations":[{"start":{"line":40,"column":8},"end":{"line":42,"column":9}},{"start":{},"end":{}}],"line":40},"4":{"loc":{"start":{"line":40,"column":12},"end":{"line":40,"column":67}},"type":"binary-expr","locations":[{"start":{"line":40,"column":12},"end":{"line":40,"column":38}},{"start":{"line":40,"column":42},"end":{"line":40,"column":67}}],"line":40},"5":{"loc":{"start":{"line":43,"column":8},"end":{"line":46,"column":9}},"type":"if","locations":[{"start":{"line":43,"column":8},"end":{"line":46,"column":9}},{"start":{},"end":{}}],"line":43},"6":{"loc":{"start":{"line":47,"column":8},"end":{"line":51,"column":9}},"type":"if","locations":[{"start":{"line":47,"column":8},"end":{"line":51,"column":9}},{"start":{},"end":{}}],"line":47},"7":{"loc":{"start":{"line":61,"column":8},"end":{"line":63,"column":9}},"type":"if","locations":[{"start":{"line":61,"column":8},"end":{"line":63,"column":9}},{"start":{},"end":{}}],"line":61},"8":{"loc":{"start":{"line":61,"column":12},"end":{"line":61,"column":31}},"type":"binary-expr","locations":[{"start":{"line":61,"column":12},"end":{"line":61,"column":18}},{"start":{"line":61,"column":22},"end":{"line":61,"column":31}}],"line":61},"9":{"loc":{"start":{"line":66,"column":8},"end":{"line":68,"column":9}},"type":"if","locations":[{"start":{"line":66,"column":8},"end":{"line":68,"column":9}},{"start":{},"end":{}}],"line":66},"10":{"loc":{"start":{"line":71,"column":8},"end":{"line":73,"column":9}},"type":"if","locations":[{"start":{"line":71,"column":8},"end":{"line":73,"column":9}},{"start":{},"end":{}}],"line":71},"11":{"loc":{"start":{"line":82,"column":12},"end":{"line":82,"column":62}},"type":"binary-expr","locations":[{"start":{"line":82,"column":12},"end":{"line":82,"column":34}},{"start":{"line":82,"column":38},"end":{"line":82,"column":62}}],"line":82},"12":{"loc":{"start":{"line":83,"column":26},"end":{"line":83,"column":78}},"type":"binary-expr","locations":[{"start":{"line":83,"column":26},"end":{"line":83,"column":70}},{"start":{"line":83,"column":74},"end":{"line":83,"column":78}}],"line":83},"13":{"loc":{"start":{"line":103,"column":8},"end":{"line":105,"column":9}},"type":"if","locations":[{"start":{"line":103,"column":8},"end":{"line":105,"column":9}},{"start":{},"end":{}}],"line":103},"14":{"loc":{"start":{"line":103,"column":12},"end":{"line":103,"column":67}},"type":"binary-expr","locations":[{"start":{"line":103,"column":12},"end":{"line":103,"column":38}},{"start":{"line":103,"column":42},"end":{"line":103,"column":67}}],"line":103},"15":{"loc":{"start":{"line":106,"column":8},"end":{"line":109,"column":9}},"type":"if","locations":[{"start":{"line":106,"column":8},"end":{"line":109,"column":9}},{"start":{},"end":{}}],"line":106},"16":{"loc":{"start":{"line":118,"column":8},"end":{"line":120,"column":9}},"type":"if","locations":[{"start":{"line":118,"column":8},"end":{"line":120,"column":9}},{"start":{},"end":{}}],"line":118},"17":{"loc":{"start":{"line":137,"column":8},"end":{"line":139,"column":9}},"type":"if","locations":[{"start":{"line":137,"column":8},"end":{"line":139,"column":9}},{"start":{},"end":{}}],"line":137},"18":{"loc":{"start":{"line":137,"column":12},"end":{"line":137,"column":67}},"type":"binary-expr","locations":[{"start":{"line":137,"column":12},"end":{"line":137,"column":38}},{"start":{"line":137,"column":42},"end":{"line":137,"column":67}}],"line":137},"19":{"loc":{"start":{"line":140,"column":8},"end":{"line":143,"column":9}},"type":"if","locations":[{"start":{"line":140,"column":8},"end":{"line":143,"column":9}},{"start":{},"end":{}}],"line":140},"20":{"loc":{"start":{"line":152,"column":8},"end":{"line":154,"column":9}},"type":"if","locations":[{"start":{"line":152,"column":8},"end":{"line":154,"column":9}},{"start":{},"end":{}}],"line":152},"21":{"loc":{"start":{"line":157,"column":8},"end":{"line":159,"column":9}},"type":"if","locations":[{"start":{"line":157,"column":8},"end":{"line":159,"column":9}},{"start":{},"end":{}}],"line":157},"22":{"loc":{"start":{"line":189,"column":8},"end":{"line":191,"column":9}},"type":"if","locations":[{"start":{"line":189,"column":8},"end":{"line":191,"column":9}},{"start":{},"end":{}}],"line":189},"23":{"loc":{"start":{"line":189,"column":12},"end":{"line":189,"column":67}},"type":"binary-expr","locations":[{"start":{"line":189,"column":12},"end":{"line":189,"column":38}},{"start":{"line":189,"column":42},"end":{"line":189,"column":67}}],"line":189},"24":{"loc":{"start":{"line":192,"column":8},"end":{"line":195,"column":9}},"type":"if","locations":[{"start":{"line":192,"column":8},"end":{"line":195,"column":9}},{"start":{},"end":{}}],"line":192},"25":{"loc":{"start":{"line":204,"column":8},"end":{"line":206,"column":9}},"type":"if","locations":[{"start":{"line":204,"column":8},"end":{"line":206,"column":9}},{"start":{},"end":{}}],"line":204},"26":{"loc":{"start":{"line":204,"column":12},"end":{"line":204,"column":42}},"type":"binary-expr","locations":[{"start":{"line":204,"column":12},"end":{"line":204,"column":18}},{"start":{"line":204,"column":22},"end":{"line":204,"column":26}},{"start":{"line":204,"column":30},"end":{"line":204,"column":42}}],"line":204},"27":{"loc":{"start":{"line":209,"column":8},"end":{"line":211,"column":9}},"type":"if","locations":[{"start":{"line":209,"column":8},"end":{"line":211,"column":9}},{"start":{},"end":{}}],"line":209},"28":{"loc":{"start":{"line":215,"column":8},"end":{"line":217,"column":9}},"type":"if","locations":[{"start":{"line":215,"column":8},"end":{"line":217,"column":9}},{"start":{},"end":{}}],"line":215},"29":{"loc":{"start":{"line":215,"column":12},"end":{"line":215,"column":55}},"type":"binary-expr","locations":[{"start":{"line":215,"column":12},"end":{"line":215,"column":26}},{"start":{"line":215,"column":30},"end":{"line":215,"column":55}}],"line":215},"30":{"loc":{"start":{"line":219,"column":8},"end":{"line":221,"column":9}},"type":"if","locations":[{"start":{"line":219,"column":8},"end":{"line":221,"column":9}},{"start":{},"end":{}}],"line":219},"31":{"loc":{"start":{"line":233,"column":8},"end":{"line":235,"column":9}},"type":"if","locations":[{"start":{"line":233,"column":8},"end":{"line":235,"column":9}},{"start":{},"end":{}}],"line":233},"32":{"loc":{"start":{"line":233,"column":12},"end":{"line":233,"column":67}},"type":"binary-expr","locations":[{"start":{"line":233,"column":12},"end":{"line":233,"column":38}},{"start":{"line":233,"column":42},"end":{"line":233,"column":67}}],"line":233},"33":{"loc":{"start":{"line":236,"column":8},"end":{"line":239,"column":9}},"type":"if","locations":[{"start":{"line":236,"column":8},"end":{"line":239,"column":9}},{"start":{},"end":{}}],"line":236},"34":{"loc":{"start":{"line":249,"column":8},"end":{"line":251,"column":9}},"type":"if","locations":[{"start":{"line":249,"column":8},"end":{"line":251,"column":9}},{"start":{},"end":{}}],"line":249},"35":{"loc":{"start":{"line":249,"column":12},"end":{"line":249,"column":35}},"type":"binary-expr","locations":[{"start":{"line":249,"column":12},"end":{"line":249,"column":22}},{"start":{"line":249,"column":26},"end":{"line":249,"column":35}}],"line":249},"36":{"loc":{"start":{"line":255,"column":8},"end":{"line":257,"column":9}},"type":"if","locations":[{"start":{"line":255,"column":8},"end":{"line":257,"column":9}},{"start":{},"end":{}}],"line":255},"37":{"loc":{"start":{"line":281,"column":8},"end":{"line":283,"column":9}},"type":"if","locations":[{"start":{"line":281,"column":8},"end":{"line":283,"column":9}},{"start":{},"end":{}}],"line":281},"38":{"loc":{"start":{"line":281,"column":12},"end":{"line":281,"column":67}},"type":"binary-expr","locations":[{"start":{"line":281,"column":12},"end":{"line":281,"column":38}},{"start":{"line":281,"column":42},"end":{"line":281,"column":67}}],"line":281},"39":{"loc":{"start":{"line":284,"column":8},"end":{"line":287,"column":9}},"type":"if","locations":[{"start":{"line":284,"column":8},"end":{"line":287,"column":9}},{"start":{},"end":{}}],"line":284},"40":{"loc":{"start":{"line":297,"column":8},"end":{"line":299,"column":9}},"type":"if","locations":[{"start":{"line":297,"column":8},"end":{"line":299,"column":9}},{"start":{},"end":{}}],"line":297},"41":{"loc":{"start":{"line":297,"column":12},"end":{"line":297,"column":38}},"type":"binary-expr","locations":[{"start":{"line":297,"column":12},"end":{"line":297,"column":18}},{"start":{"line":297,"column":22},"end":{"line":297,"column":38}}],"line":297},"42":{"loc":{"start":{"line":303,"column":8},"end":{"line":305,"column":9}},"type":"if","locations":[{"start":{"line":303,"column":8},"end":{"line":305,"column":9}},{"start":{},"end":{}}],"line":303},"43":{"loc":{"start":{"line":308,"column":8},"end":{"line":310,"column":9}},"type":"if","locations":[{"start":{"line":308,"column":8},"end":{"line":310,"column":9}},{"start":{},"end":{}}],"line":308},"44":{"loc":{"start":{"line":313,"column":8},"end":{"line":315,"column":9}},"type":"if","locations":[{"start":{"line":313,"column":8},"end":{"line":315,"column":9}},{"start":{},"end":{}}],"line":313},"45":{"loc":{"start":{"line":336,"column":8},"end":{"line":338,"column":9}},"type":"if","locations":[{"start":{"line":336,"column":8},"end":{"line":338,"column":9}},{"start":{},"end":{}}],"line":336},"46":{"loc":{"start":{"line":336,"column":12},"end":{"line":336,"column":67}},"type":"binary-expr","locations":[{"start":{"line":336,"column":12},"end":{"line":336,"column":38}},{"start":{"line":336,"column":42},"end":{"line":336,"column":67}}],"line":336},"47":{"loc":{"start":{"line":339,"column":8},"end":{"line":342,"column":9}},"type":"if","locations":[{"start":{"line":339,"column":8},"end":{"line":342,"column":9}},{"start":{},"end":{}}],"line":339},"48":{"loc":{"start":{"line":343,"column":8},"end":{"line":347,"column":9}},"type":"if","locations":[{"start":{"line":343,"column":8},"end":{"line":347,"column":9}},{"start":{},"end":{}}],"line":343},"49":{"loc":{"start":{"line":357,"column":8},"end":{"line":359,"column":9}},"type":"if","locations":[{"start":{"line":357,"column":8},"end":{"line":359,"column":9}},{"start":{},"end":{}}],"line":357},"50":{"loc":{"start":{"line":357,"column":12},"end":{"line":357,"column":67}},"type":"binary-expr","locations":[{"start":{"line":357,"column":12},"end":{"line":357,"column":28}},{"start":{"line":357,"column":32},"end":{"line":357,"column":44}},{"start":{"line":357,"column":48},"end":{"line":357,"column":67}}],"line":357},"51":{"loc":{"start":{"line":361,"column":8},"end":{"line":363,"column":9}},"type":"if","locations":[{"start":{"line":361,"column":8},"end":{"line":363,"column":9}},{"start":{},"end":{}}],"line":361},"52":{"loc":{"start":{"line":365,"column":8},"end":{"line":367,"column":9}},"type":"if","locations":[{"start":{"line":365,"column":8},"end":{"line":367,"column":9}},{"start":{},"end":{}}],"line":365},"53":{"loc":{"start":{"line":371,"column":8},"end":{"line":373,"column":9}},"type":"if","locations":[{"start":{"line":371,"column":8},"end":{"line":373,"column":9}},{"start":{},"end":{}}],"line":371},"54":{"loc":{"start":{"line":376,"column":8},"end":{"line":378,"column":9}},"type":"if","locations":[{"start":{"line":376,"column":8},"end":{"line":378,"column":9}},{"start":{},"end":{}}],"line":376},"55":{"loc":{"start":{"line":391,"column":8},"end":{"line":393,"column":9}},"type":"if","locations":[{"start":{"line":391,"column":8},"end":{"line":393,"column":9}},{"start":{},"end":{}}],"line":391},"56":{"loc":{"start":{"line":391,"column":12},"end":{"line":391,"column":67}},"type":"binary-expr","locations":[{"start":{"line":391,"column":12},"end":{"line":391,"column":38}},{"start":{"line":391,"column":42},"end":{"line":391,"column":67}}],"line":391},"57":{"loc":{"start":{"line":394,"column":8},"end":{"line":397,"column":9}},"type":"if","locations":[{"start":{"line":394,"column":8},"end":{"line":397,"column":9}},{"start":{},"end":{}}],"line":394}},"s":{"0":9,"1":3,"2":3,"3":3,"4":1,"5":2,"6":2,"7":1,"8":1,"9":1,"10":1,"11":1,"12":0,"13":0,"14":0,"15":0,"16":0,"17":0,"18":0,"19":0,"20":0,"21":0,"22":0,"23":0,"24":9,"25":4,"26":4,"27":4,"28":1,"29":3,"30":3,"31":1,"32":2,"33":2,"34":1,"35":1,"36":1,"37":1,"38":0,"39":0,"40":0,"41":0,"42":0,"43":0,"44":0,"45":0,"46":9,"47":1,"48":1,"49":1,"50":0,"51":1,"52":0,"53":0,"54":0,"55":0,"56":0,"57":0,"58":0,"59":0,"60":9,"61":2,"62":2,"63":2,"64":0,"65":2,"66":2,"67":0,"68":2,"69":2,"70":2,"71":2,"72":2,"73":2,"74":2,"75":0,"76":0,"77":0,"78":0,"79":0,"80":0,"81":0,"82":0,"83":9,"84":2,"85":2,"86":2,"87":0,"88":2,"89":2,"90":0,"91":2,"92":2,"93":1,"94":1,"95":0,"96":1,"97":1,"98":1,"99":1,"100":1,"101":1,"102":0,"103":0,"104":0,"105":0,"106":0,"107":0,"108":0,"109":0,"110":9,"111":2,"112":2,"113":2,"114":1,"115":1,"116":1,"117":0,"118":1,"119":1,"120":1,"121":1,"122":1,"123":0,"124":0,"125":0,"126":0,"127":0,"128":0,"129":0,"130":0,"131":9,"132":3,"133":3,"134":3,"135":0,"136":3,"137":3,"138":0,"139":3,"140":3,"141":1,"142":2,"143":2,"144":1,"145":1,"146":1,"147":1,"148":0,"149":0,"150":0,"151":0,"152":0,"153":0,"154":0,"155":0,"156":0,"157":0,"158":0,"159":0,"160":9,"161":2,"162":2,"163":2,"164":0,"165":2,"166":1,"167":1,"168":0,"169":1,"170":1,"171":0,"172":1,"173":1,"174":0,"175":1,"176":1,"177":1,"178":1,"179":1,"180":0,"181":0,"182":0,"183":0,"184":0,"185":0,"186":0,"187":0},"f":{"0":3,"1":0,"2":4,"3":0,"4":1,"5":0,"6":2,"7":0,"8":2,"9":0,"10":2,"11":0,"12":3,"13":0,"14":2,"15":0},"b":{"0":[1,2],"1":[3,2,2],"2":[1,1],"3":[0,0],"4":[0,0],"5":[0,0],"6":[0,0],"7":[1,3],"8":[4,3],"9":[1,2],"10":[1,1],"11":[1,0],"12":[1,0],"13":[0,0],"14":[0,0],"15":[0,0],"16":[0,1],"17":[0,0],"18":[0,0],"19":[0,0],"20":[0,2],"21":[0,2],"22":[0,0],"23":[0,0],"24":[0,0],"25":[0,2],"26":[2,2,2],"27":[0,2],"28":[1,1],"29":[2,2],"30":[0,1],"31":[0,0],"32":[0,0],"33":[0,0],"34":[1,1],"35":[2,2],"36":[0,1],"37":[0,0],"38":[0,0],"39":[0,0],"40":[0,3],"41":[3,3],"42":[0,3],"43":[1,2],"44":[1,1],"45":[0,0],"46":[0,0],"47":[0,0],"48":[0,0],"49":[0,2],"50":[2,2,2],"51":[1,1],"52":[0,1],"53":[0,1],"54":[0,1],"55":[0,0],"56":[0,0],"57":[0,0]},"inputSourceMap":null,"_coverageSchema":"1a1c01bbd47fc00a2c39e90264f33305004495a9","hash":"b341152e502b371a47df2c8019b8355371f38434"}
,"C:\\Projects\\collabboard-client\\backend\\src\\controllers\\cloudinaryController.js": {"path":"C:\\Projects\\collabboard-client\\backend\\src\\controllers\\cloudinaryController.js","statementMap":{"0":{"start":{"line":3,"column":33},"end":{"line":21,"column":1}},"1":{"start":{"line":4,"column":4},"end":{"line":20,"column":5}},"2":{"start":{"line":5,"column":22},"end":{"line":5,"column":50}},"3":{"start":{"line":6,"column":8},"end":{"line":9,"column":11}},"4":{"start":{"line":11,"column":8},"end":{"line":13,"column":9}},"5":{"start":{"line":12,"column":12},"end":{"line":12,"column":92}},"6":{"start":{"line":14,"column":8},"end":{"line":17,"column":9}},"7":{"start":{"line":15,"column":29},"end":{"line":15,"column":80}},"8":{"start":{"line":15,"column":68},"end":{"line":15,"column":79}},"9":{"start":{"line":16,"column":12},"end":{"line":16,"column":91}},"10":{"start":{"line":18,"column":8},"end":{"line":18,"column":54}},"11":{"start":{"line":19,"column":8},"end":{"line":19,"column":94}}},"fnMap":{"0":{"name":"(anonymous_0)","decl":{"start":{"line":3,"column":33},"end":{"line":3,"column":34}},"loc":{"start":{"line":3,"column":53},"end":{"line":21,"column":1}},"line":3},"1":{"name":"(anonymous_1)","decl":{"start":{"line":15,"column":61},"end":{"line":15,"column":62}},"loc":{"start":{"line":15,"column":68},"end":{"line":15,"column":79}},"line":15}},"branchMap":{"0":{"loc":{"start":{"line":11,"column":8},"end":{"line":13,"column":9}},"type":"if","locations":[{"start":{"line":11,"column":8},"end":{"line":13,"column":9}},{"start":{},"end":{}}],"line":11},"1":{"loc":{"start":{"line":11,"column":12},"end":{"line":11,"column":67}},"type":"binary-expr","locations":[{"start":{"line":11,"column":12},"end":{"line":11,"column":38}},{"start":{"line":11,"column":42},"end":{"line":11,"column":67}}],"line":11},"2":{"loc":{"start":{"line":14,"column":8},"end":{"line":17,"column":9}},"type":"if","locations":[{"start":{"line":14,"column":8},"end":{"line":17,"column":9}},{"start":{},"end":{}}],"line":14}},"s":{"0":9,"1":0,"2":0,"3":0,"4":0,"5":0,"6":0,"7":0,"8":0,"9":0,"10":0,"11":0},"f":{"0":0,"1":0},"b":{"0":[0,0],"1":[0,0],"2":[0,0]},"inputSourceMap":null,"_coverageSchema":"1a1c01bbd47fc00a2c39e90264f33305004495a9","hash":"8115d55b720f9141e937134e91c0c130e2178db1"}
,"C:\\Projects\\collabboard-client\\backend\\src\\controllers\\dashboardController.js": {"path":"C:\\Projects\\collabboard-client\\backend\\src\\controllers\\dashboardController.js","statementMap":{"0":{"start":{"line":10,"column":27},"end":{"line":64,"column":1}},"1":{"start":{"line":11,"column":4},"end":{"line":63,"column":5}},"2":{"start":{"line":12,"column":23},"end":{"line":12,"column":34}},"3":{"start":{"line":13,"column":25},"end":{"line":15,"column":10}},"4":{"start":{"line":17,"column":27},"end":{"line":17,"column":51}},"5":{"start":{"line":17,"column":45},"end":{"line":17,"column":50}},"6":{"start":{"line":18,"column":22},"end":{"line":18,"column":115}},"7":{"start":{"line":20,"column":31},"end":{"line":27,"column":9}},"8":{"start":{"line":21,"column":12},"end":{"line":21,"column":45}},"9":{"start":{"line":21,"column":32},"end":{"line":21,"column":45}},"10":{"start":{"line":22,"column":27},"end":{"line":22,"column":58}},"11":{"start":{"line":23,"column":30},"end":{"line":23,"column":67}},"12":{"start":{"line":24,"column":12},"end":{"line":24,"column":94}},"13":{"start":{"line":24,"column":32},"end":{"line":24,"column":94}},"14":{"start":{"line":25,"column":29},"end":{"line":25,"column":55}},"15":{"start":{"line":26,"column":12},"end":{"line":26,"column":71}},"16":{"start":{"line":29,"column":25},"end":{"line":50,"column":10}},"17":{"start":{"line":30,"column":33},"end":{"line":47,"column":18}},"18":{"start":{"line":31,"column":29},"end":{"line":31,"column":78}},"19":{"start":{"line":33,"column":20},"end":{"line":46,"column":22}},"20":{"start":{"line":49,"column":12},"end":{"line":49,"column":90}},"21":{"start":{"line":52,"column":8},"end":{"line":52,"column":68}},"22":{"start":{"line":54,"column":8},"end":{"line":56,"column":9}},"23":{"start":{"line":55,"column":12},"end":{"line":55,"column":92}},"24":{"start":{"line":57,"column":8},"end":{"line":60,"column":9}},"25":{"start":{"line":58,"column":29},"end":{"line":58,"column":80}},"26":{"start":{"line":58,"column":68},"end":{"line":58,"column":79}},"27":{"start":{"line":59,"column":12},"end":{"line":59,"column":91}},"28":{"start":{"line":61,"column":8},"end":{"line":61,"column":54}},"29":{"start":{"line":62,"column":8},"end":{"line":62,"column":84}},"30":{"start":{"line":66,"column":39},"end":{"line":254,"column":1}},"31":{"start":{"line":67,"column":4},"end":{"line":253,"column":5}},"32":{"start":{"line":68,"column":23},"end":{"line":68,"column":34}},"33":{"start":{"line":69,"column":26},"end":{"line":69,"column":61}},"34":{"start":{"line":71,"column":22},"end":{"line":203,"column":10}},"35":{"start":{"line":205,"column":23},"end":{"line":205,"column":76}},"36":{"start":{"line":207,"column":33},"end":{"line":207,"column":72}},"37":{"start":{"line":208,"column":37},"end":{"line":208,"column":80}},"38":{"start":{"line":210,"column":32},"end":{"line":210,"column":129}},"39":{"start":{"line":212,"column":32},"end":{"line":218,"column":11}},"40":{"start":{"line":212,"column":70},"end":{"line":218,"column":9}},"41":{"start":{"line":220,"column":28},"end":{"line":225,"column":9}},"42":{"start":{"line":227,"column":8},"end":{"line":233,"column":11}},"43":{"start":{"line":228,"column":12},"end":{"line":232,"column":13}},"44":{"start":{"line":229,"column":16},"end":{"line":229,"column":45}},"45":{"start":{"line":231,"column":16},"end":{"line":231,"column":44}},"46":{"start":{"line":235,"column":8},"end":{"line":242,"column":11}},"47":{"start":{"line":244,"column":8},"end":{"line":246,"column":9}},"48":{"start":{"line":245,"column":12},"end":{"line":245,"column":92}},"49":{"start":{"line":247,"column":8},"end":{"line":250,"column":9}},"50":{"start":{"line":248,"column":29},"end":{"line":248,"column":80}},"51":{"start":{"line":248,"column":68},"end":{"line":248,"column":79}},"52":{"start":{"line":249,"column":12},"end":{"line":249,"column":91}},"53":{"start":{"line":251,"column":8},"end":{"line":251,"column":66}},"54":{"start":{"line":252,"column":8},"end":{"line":252,"column":84}},"55":{"start":{"line":256,"column":31},"end":{"line":464,"column":1}},"56":{"start":{"line":257,"column":4},"end":{"line":463,"column":5}},"57":{"start":{"line":258,"column":23},"end":{"line":258,"column":34}},"58":{"start":{"line":259,"column":26},"end":{"line":259,"column":61}},"59":{"start":{"line":260,"column":30},"end":{"line":260,"column":39}},"60":{"start":{"line":262,"column":27},"end":{"line":264,"column":9}},"61":{"start":{"line":266,"column":8},"end":{"line":280,"column":9}},"62":{"start":{"line":267,"column":12},"end":{"line":279,"column":13}},"63":{"start":{"line":268,"column":16},"end":{"line":268,"column":74}},"64":{"start":{"line":270,"column":16},"end":{"line":278,"column":19}},"65":{"start":{"line":283,"column":35},"end":{"line":302,"column":10}},"66":{"start":{"line":304,"column":8},"end":{"line":314,"column":9}},"67":{"start":{"line":305,"column":12},"end":{"line":313,"column":15}},"68":{"start":{"line":316,"column":37},"end":{"line":316,"column":71}},"69":{"start":{"line":316,"column":65},"end":{"line":316,"column":70}},"70":{"start":{"line":317,"column":32},"end":{"line":317,"column":41}},"71":{"start":{"line":318,"column":8},"end":{"line":322,"column":11}},"72":{"start":{"line":319,"column":12},"end":{"line":321,"column":15}},"73":{"start":{"line":320,"column":16},"end":{"line":320,"column":61}},"74":{"start":{"line":320,"column":25},"end":{"line":320,"column":61}},"75":{"start":{"line":324,"column":32},"end":{"line":324,"column":102}},"76":{"start":{"line":324,"column":70},"end":{"line":324,"column":101}},"77":{"start":{"line":326,"column":8},"end":{"line":336,"column":9}},"78":{"start":{"line":327,"column":12},"end":{"line":335,"column":15}},"79":{"start":{"line":338,"column":35},"end":{"line":423,"column":10}},"80":{"start":{"line":425,"column":32},"end":{"line":425,"column":33}},"81":{"start":{"line":426,"column":36},"end":{"line":426,"column":37}},"82":{"start":{"line":428,"column":29},"end":{"line":440,"column":10}},"83":{"start":{"line":429,"column":12},"end":{"line":429,"column":51}},"84":{"start":{"line":430,"column":12},"end":{"line":430,"column":59}},"85":{"start":{"line":432,"column":12},"end":{"line":439,"column":14}},"86":{"start":{"line":442,"column":8},"end":{"line":442,"column":65}},"87":{"start":{"line":442,"column":36},"end":{"line":442,"column":63}},"88":{"start":{"line":444,"column":8},"end":{"line":452,"column":11}},"89":{"start":{"line":454,"column":8},"end":{"line":456,"column":9}},"90":{"start":{"line":455,"column":12},"end":{"line":455,"column":92}},"91":{"start":{"line":457,"column":8},"end":{"line":460,"column":9}},"92":{"start":{"line":458,"column":29},"end":{"line":458,"column":80}},"93":{"start":{"line":458,"column":68},"end":{"line":458,"column":79}},"94":{"start":{"line":459,"column":12},"end":{"line":459,"column":91}},"95":{"start":{"line":461,"column":8},"end":{"line":461,"column":58}},"96":{"start":{"line":462,"column":8},"end":{"line":462,"column":84}},"97":{"start":{"line":466,"column":30},"end":{"line":504,"column":1}},"98":{"start":{"line":467,"column":4},"end":{"line":503,"column":5}},"99":{"start":{"line":468,"column":23},"end":{"line":468,"column":50}},"100":{"start":{"line":469,"column":25},"end":{"line":471,"column":10}},"101":{"start":{"line":473,"column":27},"end":{"line":473,"column":51}},"102":{"start":{"line":473,"column":45},"end":{"line":473,"column":50}},"103":{"start":{"line":474,"column":28},"end":{"line":476,"column":59}},"104":{"start":{"line":478,"column":28},"end":{"line":490,"column":11}},"105":{"start":{"line":478,"column":52},"end":{"line":490,"column":9}},"106":{"start":{"line":492,"column":8},"end":{"line":492,"column":71}},"107":{"start":{"line":494,"column":8},"end":{"line":496,"column":9}},"108":{"start":{"line":495,"column":12},"end":{"line":495,"column":92}},"109":{"start":{"line":497,"column":8},"end":{"line":500,"column":9}},"110":{"start":{"line":498,"column":29},"end":{"line":498,"column":80}},"111":{"start":{"line":498,"column":68},"end":{"line":498,"column":79}},"112":{"start":{"line":499,"column":12},"end":{"line":499,"column":91}},"113":{"start":{"line":501,"column":8},"end":{"line":501,"column":57}},"114":{"start":{"line":502,"column":8},"end":{"line":502,"column":84}},"115":{"start":{"line":506,"column":33},"end":{"line":539,"column":1}},"116":{"start":{"line":507,"column":4},"end":{"line":538,"column":5}},"117":{"start":{"line":508,"column":23},"end":{"line":508,"column":34}},"118":{"start":{"line":509,"column":25},"end":{"line":511,"column":13}},"119":{"start":{"line":513,"column":31},"end":{"line":525,"column":11}},"120":{"start":{"line":513,"column":50},"end":{"line":525,"column":9}},"121":{"start":{"line":520,"column":41},"end":{"line":524,"column":13}},"122":{"start":{"line":527,"column":8},"end":{"line":527,"column":74}},"123":{"start":{"line":529,"column":8},"end":{"line":531,"column":9}},"124":{"start":{"line":530,"column":12},"end":{"line":530,"column":92}},"125":{"start":{"line":532,"column":8},"end":{"line":535,"column":9}},"126":{"start":{"line":533,"column":29},"end":{"line":533,"column":80}},"127":{"start":{"line":533,"column":68},"end":{"line":533,"column":79}},"128":{"start":{"line":534,"column":12},"end":{"line":534,"column":91}},"129":{"start":{"line":536,"column":8},"end":{"line":536,"column":60}},"130":{"start":{"line":537,"column":8},"end":{"line":537,"column":84}}},"fnMap":{"0":{"name":"(anonymous_0)","decl":{"start":{"line":10,"column":27},"end":{"line":10,"column":28}},"loc":{"start":{"line":10,"column":47},"end":{"line":64,"column":1}},"line":10},"1":{"name":"(anonymous_1)","decl":{"start":{"line":17,"column":40},"end":{"line":17,"column":41}},"loc":{"start":{"line":17,"column":45},"end":{"line":17,"column":50}},"line":17},"2":{"name":"(anonymous_2)","decl":{"start":{"line":20,"column":31},"end":{"line":20,"column":32}},"loc":{"start":{"line":20,"column":47},"end":{"line":27,"column":9}},"line":20},"3":{"name":"(anonymous_3)","decl":{"start":{"line":29,"column":38},"end":{"line":29,"column":39}},"loc":{"start":{"line":29,"column":49},"end":{"line":50,"column":9}},"line":29},"4":{"name":"(anonymous_4)","decl":{"start":{"line":31,"column":24},"end":{"line":31,"column":25}},"loc":{"start":{"line":31,"column":29},"end":{"line":31,"column":78}},"line":31},"5":{"name":"(anonymous_5)","decl":{"start":{"line":32,"column":21},"end":{"line":32,"column":22}},"loc":{"start":{"line":32,"column":29},"end":{"line":47,"column":17}},"line":32},"6":{"name":"(anonymous_6)","decl":{"start":{"line":58,"column":61},"end":{"line":58,"column":62}},"loc":{"start":{"line":58,"column":68},"end":{"line":58,"column":79}},"line":58},"7":{"name":"(anonymous_7)","decl":{"start":{"line":66,"column":39},"end":{"line":66,"column":40}},"loc":{"start":{"line":66,"column":59},"end":{"line":254,"column":1}},"line":66},"8":{"name":"(anonymous_8)","decl":{"start":{"line":212,"column":62},"end":{"line":212,"column":63}},"loc":{"start":{"line":212,"column":70},"end":{"line":218,"column":9}},"line":212},"9":{"name":"(anonymous_9)","decl":{"start":{"line":227,"column":37},"end":{"line":227,"column":38}},"loc":{"start":{"line":227,"column":42},"end":{"line":233,"column":9}},"line":227},"10":{"name":"(anonymous_10)","decl":{"start":{"line":248,"column":61},"end":{"line":248,"column":62}},"loc":{"start":{"line":248,"column":68},"end":{"line":248,"column":79}},"line":248},"11":{"name":"(anonymous_11)","decl":{"start":{"line":256,"column":31},"end":{"line":256,"column":32}},"loc":{"start":{"line":256,"column":51},"end":{"line":464,"column":1}},"line":256},"12":{"name":"(anonymous_12)","decl":{"start":{"line":316,"column":60},"end":{"line":316,"column":61}},"loc":{"start":{"line":316,"column":65},"end":{"line":316,"column":70}},"line":316},"13":{"name":"(anonymous_13)","decl":{"start":{"line":318,"column":35},"end":{"line":318,"column":36}},"loc":{"start":{"line":318,"column":40},"end":{"line":322,"column":9}},"line":318},"14":{"name":"(anonymous_14)","decl":{"start":{"line":319,"column":40},"end":{"line":319,"column":41}},"loc":{"start":{"line":319,"column":47},"end":{"line":321,"column":13}},"line":319},"15":{"name":"(anonymous_15)","decl":{"start":{"line":324,"column":64},"end":{"line":324,"column":65}},"loc":{"start":{"line":324,"column":70},"end":{"line":324,"column":101}},"line":324},"16":{"name":"(anonymous_16)","decl":{"start":{"line":428,"column":52},"end":{"line":428,"column":53}},"loc":{"start":{"line":428,"column":62},"end":{"line":440,"column":9}},"line":428},"17":{"name":"(anonymous_17)","decl":{"start":{"line":442,"column":26},"end":{"line":442,"column":27}},"loc":{"start":{"line":442,"column":36},"end":{"line":442,"column":63}},"line":442},"18":{"name":"(anonymous_18)","decl":{"start":{"line":458,"column":61},"end":{"line":458,"column":62}},"loc":{"start":{"line":458,"column":68},"end":{"line":458,"column":79}},"line":458},"19":{"name":"(anonymous_19)","decl":{"start":{"line":466,"column":30},"end":{"line":466,"column":31}},"loc":{"start":{"line":466,"column":50},"end":{"line":504,"column":1}},"line":466},"20":{"name":"(anonymous_20)","decl":{"start":{"line":473,"column":40},"end":{"line":473,"column":41}},"loc":{"start":{"line":473,"column":45},"end":{"line":473,"column":50}},"line":473},"21":{"name":"(anonymous_21)","decl":{"start":{"line":478,"column":44},"end":{"line":478,"column":45}},"loc":{"start":{"line":478,"column":52},"end":{"line":490,"column":9}},"line":478},"22":{"name":"(anonymous_22)","decl":{"start":{"line":498,"column":61},"end":{"line":498,"column":62}},"loc":{"start":{"line":498,"column":68},"end":{"line":498,"column":79}},"line":498},"23":{"name":"(anonymous_23)","decl":{"start":{"line":506,"column":33},"end":{"line":506,"column":34}},"loc":{"start":{"line":506,"column":53},"end":{"line":539,"column":1}},"line":506},"24":{"name":"(anonymous_24)","decl":{"start":{"line":513,"column":44},"end":{"line":513,"column":45}},"loc":{"start":{"line":513,"column":50},"end":{"line":525,"column":9}},"line":513},"25":{"name":"(anonymous_25)","decl":{"start":{"line":520,"column":35},"end":{"line":520,"column":36}},"loc":{"start":{"line":520,"column":41},"end":{"line":524,"column":13}},"line":520},"26":{"name":"(anonymous_26)","decl":{"start":{"line":533,"column":61},"end":{"line":533,"column":62}},"loc":{"start":{"line":533,"column":68},"end":{"line":533,"column":79}},"line":533}},"branchMap":{"0":{"loc":{"start":{"line":21,"column":12},"end":{"line":21,"column":45}},"type":"if","locations":[{"start":{"line":21,"column":12},"end":{"line":21,"column":45}},{"start":{},"end":{}}],"line":21},"1":{"loc":{"start":{"line":21,"column":16},"end":{"line":21,"column":30}},"type":"binary-expr","locations":[{"start":{"line":21,"column":16},"end":{"line":21,"column":22}},{"start":{"line":21,"column":26},"end":{"line":21,"column":30}}],"line":21},"2":{"loc":{"start":{"line":24,"column":12},"end":{"line":24,"column":94}},"type":"if","locations":[{"start":{"line":24,"column":12},"end":{"line":24,"column":94}},{"start":{},"end":{}}],"line":24},"3":{"loc":{"start":{"line":24,"column":65},"end":{"line":24,"column":91}},"type":"cond-expr","locations":[{"start":{"line":24,"column":83},"end":{"line":24,"column":86}},{"start":{"line":24,"column":89},"end":{"line":24,"column":91}}],"line":24},"4":{"loc":{"start":{"line":26,"column":43},"end":{"line":26,"column":68}},"type":"cond-expr","locations":[{"start":{"line":26,"column":60},"end":{"line":26,"column":63}},{"start":{"line":26,"column":66},"end":{"line":26,"column":68}}],"line":26},"5":{"loc":{"start":{"line":41,"column":34},"end":{"line":45,"column":32}},"type":"cond-expr","locations":[{"start":{"line":41,"column":52},"end":{"line":45,"column":25}},{"start":{"line":45,"column":28},"end":{"line":45,"column":32}}],"line":41},"6":{"loc":{"start":{"line":44,"column":36},"end":{"line":44,"column":140}},"type":"binary-expr","locations":[{"start":{"line":44,"column":36},"end":{"line":44,"column":58}},{"start":{"line":44,"column":62},"end":{"line":44,"column":140}}],"line":44},"7":{"loc":{"start":{"line":54,"column":8},"end":{"line":56,"column":9}},"type":"if","locations":[{"start":{"line":54,"column":8},"end":{"line":56,"column":9}},{"start":{},"end":{}}],"line":54},"8":{"loc":{"start":{"line":54,"column":12},"end":{"line":54,"column":67}},"type":"binary-expr","locations":[{"start":{"line":54,"column":12},"end":{"line":54,"column":38}},{"start":{"line":54,"column":42},"end":{"line":54,"column":67}}],"line":54},"9":{"loc":{"start":{"line":57,"column":8},"end":{"line":60,"column":9}},"type":"if","locations":[{"start":{"line":57,"column":8},"end":{"line":60,"column":9}},{"start":{},"end":{}}],"line":57},"10":{"loc":{"start":{"line":205,"column":23},"end":{"line":205,"column":76}},"type":"binary-expr","locations":[{"start":{"line":205,"column":23},"end":{"line":205,"column":31}},{"start":{"line":205,"column":35},"end":{"line":205,"column":76}}],"line":205},"11":{"loc":{"start":{"line":207,"column":33},"end":{"line":207,"column":72}},"type":"binary-expr","locations":[{"start":{"line":207,"column":33},"end":{"line":207,"column":67}},{"start":{"line":207,"column":71},"end":{"line":207,"column":72}}],"line":207},"12":{"loc":{"start":{"line":208,"column":37},"end":{"line":208,"column":80}},"type":"binary-expr","locations":[{"start":{"line":208,"column":37},"end":{"line":208,"column":75}},{"start":{"line":208,"column":79},"end":{"line":208,"column":80}}],"line":208},"13":{"loc":{"start":{"line":210,"column":32},"end":{"line":210,"column":129}},"type":"cond-expr","locations":[{"start":{"line":210,"column":57},"end":{"line":210,"column":58}},{"start":{"line":210,"column":61},"end":{"line":210,"column":129}}],"line":210},"14":{"loc":{"start":{"line":212,"column":33},"end":{"line":212,"column":56}},"type":"binary-expr","locations":[{"start":{"line":212,"column":33},"end":{"line":212,"column":50}},{"start":{"line":212,"column":54},"end":{"line":212,"column":56}}],"line":212},"15":{"loc":{"start":{"line":217,"column":22},"end":{"line":217,"column":113}},"type":"cond-expr","locations":[{"start":{"line":217,"column":45},"end":{"line":217,"column":46}},{"start":{"line":217,"column":49},"end":{"line":217,"column":113}}],"line":217},"16":{"loc":{"start":{"line":227,"column":9},"end":{"line":227,"column":27}},"type":"binary-expr","locations":[{"start":{"line":227,"column":9},"end":{"line":227,"column":21}},{"start":{"line":227,"column":25},"end":{"line":227,"column":27}}],"line":227},"17":{"loc":{"start":{"line":228,"column":12},"end":{"line":232,"column":13}},"type":"if","locations":[{"start":{"line":228,"column":12},"end":{"line":232,"column":13}},{"start":{"line":230,"column":19},"end":{"line":232,"column":13}}],"line":228},"18":{"loc":{"start":{"line":244,"column":8},"end":{"line":246,"column":9}},"type":"if","locations":[{"start":{"line":244,"column":8},"end":{"line":246,"column":9}},{"start":{},"end":{}}],"line":244},"19":{"loc":{"start":{"line":244,"column":12},"end":{"line":244,"column":67}},"type":"binary-expr","locations":[{"start":{"line":244,"column":12},"end":{"line":244,"column":38}},{"start":{"line":244,"column":42},"end":{"line":244,"column":67}}],"line":244},"20":{"loc":{"start":{"line":247,"column":8},"end":{"line":250,"column":9}},"type":"if","locations":[{"start":{"line":247,"column":8},"end":{"line":250,"column":9}},{"start":{},"end":{}}],"line":247},"21":{"loc":{"start":{"line":266,"column":8},"end":{"line":280,"column":9}},"type":"if","locations":[{"start":{"line":266,"column":8},"end":{"line":280,"column":9}},{"start":{},"end":{}}],"line":266},"22":{"loc":{"start":{"line":267,"column":12},"end":{"line":279,"column":13}},"type":"if","locations":[{"start":{"line":267,"column":12},"end":{"line":279,"column":13}},{"start":{"line":269,"column":19},"end":{"line":279,"column":13}}],"line":267},"23":{"loc":{"start":{"line":304,"column":8},"end":{"line":314,"column":9}},"type":"if","locations":[{"start":{"line":304,"column":8},"end":{"line":314,"column":9}},{"start":{},"end":{}}],"line":304},"24":{"loc":{"start":{"line":304,"column":12},"end":{"line":304,"column":66}},"type":"binary-expr","locations":[{"start":{"line":304,"column":12},"end":{"line":304,"column":31}},{"start":{"line":304,"column":35},"end":{"line":304,"column":66}}],"line":304},"25":{"loc":{"start":{"line":319,"column":13},"end":{"line":319,"column":30}},"type":"binary-expr","locations":[{"start":{"line":319,"column":13},"end":{"line":319,"column":24}},{"start":{"line":319,"column":28},"end":{"line":319,"column":30}}],"line":319},"26":{"loc":{"start":{"line":320,"column":16},"end":{"line":320,"column":61}},"type":"if","locations":[{"start":{"line":320,"column":16},"end":{"line":320,"column":61}},{"start":{},"end":{}}],"line":320},"27":{"loc":{"start":{"line":326,"column":8},"end":{"line":336,"column":9}},"type":"if","locations":[{"start":{"line":326,"column":8},"end":{"line":336,"column":9}},{"start":{},"end":{}}],"line":326},"28":{"loc":{"start":{"line":435,"column":24},"end":{"line":435,"column":110}},"type":"binary-expr","locations":[{"start":{"line":435,"column":24},"end":{"line":435,"column":37}},{"start":{"line":435,"column":41},"end":{"line":435,"column":110}}],"line":435},"29":{"loc":{"start":{"line":438,"column":26},"end":{"line":438,"column":126}},"type":"cond-expr","locations":[{"start":{"line":438,"column":52},"end":{"line":438,"column":53}},{"start":{"line":438,"column":56},"end":{"line":438,"column":126}}],"line":438},"30":{"loc":{"start":{"line":454,"column":8},"end":{"line":456,"column":9}},"type":"if","locations":[{"start":{"line":454,"column":8},"end":{"line":456,"column":9}},{"start":{},"end":{}}],"line":454},"31":{"loc":{"start":{"line":454,"column":12},"end":{"line":454,"column":67}},"type":"binary-expr","locations":[{"start":{"line":454,"column":12},"end":{"line":454,"column":38}},{"start":{"line":454,"column":42},"end":{"line":454,"column":67}}],"line":454},"32":{"loc":{"start":{"line":457,"column":8},"end":{"line":460,"column":9}},"type":"if","locations":[{"start":{"line":457,"column":8},"end":{"line":460,"column":9}},{"start":{},"end":{}}],"line":457},"33":{"loc":{"start":{"line":468,"column":23},"end":{"line":468,"column":50}},"type":"binary-expr","locations":[{"start":{"line":468,"column":23},"end":{"line":468,"column":34}},{"start":{"line":468,"column":38},"end":{"line":468,"column":50}}],"line":468},"34":{"loc":{"start":{"line":485,"column":24},"end":{"line":489,"column":20}},"type":"cond-expr","locations":[{"start":{"line":485,"column":41},"end":{"line":489,"column":13}},{"start":{"line":489,"column":16},"end":{"line":489,"column":20}}],"line":485},"35":{"loc":{"start":{"line":488,"column":24},"end":{"line":488,"column":126}},"type":"binary-expr","locations":[{"start":{"line":488,"column":24},"end":{"line":488,"column":45}},{"start":{"line":488,"column":49},"end":{"line":488,"column":126}}],"line":488},"36":{"loc":{"start":{"line":494,"column":8},"end":{"line":496,"column":9}},"type":"if","locations":[{"start":{"line":494,"column":8},"end":{"line":496,"column":9}},{"start":{},"end":{}}],"line":494},"37":{"loc":{"start":{"line":494,"column":12},"end":{"line":494,"column":67}},"type":"binary-expr","locations":[{"start":{"line":494,"column":12},"end":{"line":494,"column":38}},{"start":{"line":494,"column":42},"end":{"line":494,"column":67}}],"line":494},"38":{"loc":{"start":{"line":497,"column":8},"end":{"line":500,"column":9}},"type":"if","locations":[{"start":{"line":497,"column":8},"end":{"line":500,"column":9}},{"start":{},"end":{}}],"line":497},"39":{"loc":{"start":{"line":517,"column":18},"end":{"line":517,"column":94}},"type":"cond-expr","locations":[{"start":{"line":517,"column":78},"end":{"line":517,"column":85}},{"start":{"line":517,"column":88},"end":{"line":517,"column":94}}],"line":517},"40":{"loc":{"start":{"line":517,"column":18},"end":{"line":517,"column":75}},"type":"binary-expr","locations":[{"start":{"line":517,"column":18},"end":{"line":517,"column":28}},{"start":{"line":517,"column":32},"end":{"line":517,"column":75}}],"line":517},"41":{"loc":{"start":{"line":518,"column":19},"end":{"line":518,"column":100}},"type":"cond-expr","locations":[{"start":{"line":518,"column":79},"end":{"line":518,"column":88}},{"start":{"line":518,"column":91},"end":{"line":518,"column":100}}],"line":518},"42":{"loc":{"start":{"line":518,"column":19},"end":{"line":518,"column":76}},"type":"binary-expr","locations":[{"start":{"line":518,"column":19},"end":{"line":518,"column":29}},{"start":{"line":518,"column":33},"end":{"line":518,"column":76}}],"line":518},"43":{"loc":{"start":{"line":521,"column":20},"end":{"line":521,"column":54}},"type":"cond-expr","locations":[{"start":{"line":521,"column":31},"end":{"line":521,"column":43}},{"start":{"line":521,"column":46},"end":{"line":521,"column":54}}],"line":521},"44":{"loc":{"start":{"line":523,"column":24},"end":{"line":523,"column":46}},"type":"binary-expr","locations":[{"start":{"line":523,"column":24},"end":{"line":523,"column":40}},{"start":{"line":523,"column":44},"end":{"line":523,"column":46}}],"line":523},"45":{"loc":{"start":{"line":529,"column":8},"end":{"line":531,"column":9}},"type":"if","locations":[{"start":{"line":529,"column":8},"end":{"line":531,"column":9}},{"start":{},"end":{}}],"line":529},"46":{"loc":{"start":{"line":529,"column":12},"end":{"line":529,"column":67}},"type":"binary-expr","locations":[{"start":{"line":529,"column":12},"end":{"line":529,"column":38}},{"start":{"line":529,"column":42},"end":{"line":529,"column":67}}],"line":529},"47":{"loc":{"start":{"line":532,"column":8},"end":{"line":535,"column":9}},"type":"if","locations":[{"start":{"line":532,"column":8},"end":{"line":535,"column":9}},{"start":{},"end":{}}],"line":532}},"s":{"0":9,"1":1,"2":1,"3":1,"4":1,"5":1,"6":1,"7":1,"8":1,"9":0,"10":1,"11":1,"12":1,"13":0,"14":1,"15":1,"16":1,"17":1,"18":1,"19":1,"20":1,"21":1,"22":0,"23":0,"24":0,"25":0,"26":0,"27":0,"28":0,"29":0,"30":9,"31":1,"32":1,"33":1,"34":1,"35":1,"36":1,"37":1,"38":1,"39":1,"40":1,"41":1,"42":1,"43":1,"44":1,"45":0,"46":1,"47":0,"48":0,"49":0,"50":0,"51":0,"52":0,"53":0,"54":0,"55":9,"56":1,"57":1,"58":1,"59":1,"60":1,"61":1,"62":0,"63":0,"64":0,"65":1,"66":1,"67":0,"68":1,"69":1,"70":1,"71":1,"72":1,"73":2,"74":2,"75":1,"76":1,"77":1,"78":0,"79":1,"80":1,"81":1,"82":1,"83":1,"84":1,"85":1,"86":1,"87":0,"88":1,"89":0,"90":0,"91":0,"92":0,"93":0,"94":0,"95":0,"96":0,"97":9,"98":0,"99":0,"100":0,"101":0,"102":0,"103":0,"104":0,"105":0,"106":0,"107":0,"108":0,"109":0,"110":0,"111":0,"112":0,"113":0,"114":0,"115":9,"116":1,"117":1,"118":1,"119":1,"120":1,"121":1,"122":1,"123":0,"124":0,"125":0,"126":0,"127":0,"128":0,"129":0,"130":0},"f":{"0":1,"1":1,"2":1,"3":1,"4":1,"5":1,"6":0,"7":1,"8":1,"9":1,"10":0,"11":1,"12":1,"13":1,"14":2,"15":1,"16":1,"17":0,"18":0,"19":0,"20":0,"21":0,"22":0,"23":1,"24":1,"25":1,"26":0},"b":{"0":[0,1],"1":[1,1],"2":[0,1],"3":[0,0],"4":[0,1],"5":[1,0],"6":[1,1],"7":[0,0],"8":[0,0],"9":[0,0],"10":[1,0],"11":[1,0],"12":[1,1],"13":[0,1],"14":[1,0],"15":[0,1],"16":[1,0],"17":[1,0],"18":[0,0],"19":[0,0],"20":[0,0],"21":[0,1],"22":[0,0],"23":[0,1],"24":[1,1],"25":[1,0],"26":[2,0],"27":[0,1],"28":[1,1],"29":[0,1],"30":[0,0],"31":[0,0],"32":[0,0],"33":[0,0],"34":[0,0],"35":[0,0],"36":[0,0],"37":[0,0],"38":[0,0],"39":[0,1],"40":[1,1],"41":[0,1],"42":[1,1],"43":[1,0],"44":[1,1],"45":[0,0],"46":[0,0],"47":[0,0]},"inputSourceMap":null,"_coverageSchema":"1a1c01bbd47fc00a2c39e90264f33305004495a9","hash":"53e7ded5816f500396cc70f72d213fbec7a4be14"}
[...]
,"C:\\Projects\\collabboard-client\\backend\\src\\routes\\authRoutes.js": {"path":"C:\\Projects\\collabboard-client\\backend\\src\\routes\\authRoutes.js","statementMap":{"0":{"start":{"line":5,"column":15},"end":{"line":5,"column":31}},"1":{"start":{"line":7,"column":0},"end":{"line":7,"column":39}},"2":{"start":{"line":8,"column":0},"end":{"line":8,"column":33}},"3":{"start":{"line":9,"column":0},"end":{"line":9,"column":43}},"4":{"start":{"line":10,"column":0},"end":{"line":10,"column":48}},"5":{"start":{"line":11,"column":0},"end":{"line":11,"column":46}},"6":{"start":{"line":14,"column":0},"end":{"line":14,"column":49}},"7":{"start":{"line":15,"column":0},"end":{"line":15,"column":45}},"8":{"start":{"line":16,"column":0},"end":{"line":16,"column":51}}},"fnMap":{},"branchMap":{},"s":{"0":9,"1":9,"2":9,"3":9,"4":9,"5":9,"6":9,"7":9,"8":9},"f":{},"b":{},"inputSourceMap":null,"_coverageSchema":"1a1c01bbd47fc00a2c39e90264f33305004495a9","hash":"ec758f68195ff15ed9748100544dd7750f4ca1bb"}
,"C:\\Projects\\collabboard-client\\backend\\src\\routes\\cloudinaryRoutes.js": {"path":"C:\\Projects\\collabboard-client\\backend\\src\\routes\\cloudinaryRoutes.js","statementMap":{"0":{"start":{"line":5,"column":15},"end":{"line":5,"column":31}},"1":{"start":{"line":7,"column":0},"end":{"line":7,"column":48}}},"fnMap":{},"branchMap":{},"s":{"0":9,"1":9},"f":{},"b":{},"inputSourceMap":null,"_coverageSchema":"1a1c01bbd47fc00a2c39e90264f33305004495a9","hash":"47af4f9a9479438e774fcddd5353ed3cfa8b6700"}
,"C:\\Projects\\collabboard-client\\backend\\src\\routes\\dashboardRoutes.js": {"path":"C:\\Projects\\collabboard-client\\backend\\src\\routes\\dashboardRoutes.js","statementMap":{"0":{"start":{"line":5,"column":15},"end":{"line":5,"column":31}},"1":{"start":{"line":7,"column":0},"end":{"line":7,"column":20}},"2":{"start":{"line":9,"column":0},"end":{"line":9,"column":37}},"3":{"start":{"line":10,"column":0},"end":{"line":10,"column":57}},"4":{"start":{"line":11,"column":0},"end":{"line":11,"column":38}},"5":{"start":{"line":12,"column":0},"end":{"line":12,"column":37}},"6":{"start":{"line":13,"column":0},"end":{"line":13,"column":50}}},"fnMap":{},"branchMap":{},"s":{"0":9,"1":9,"2":9,"3":9,"4":9,"5":9,"6":9},"f":{},"b":{},"inputSourceMap":null,"_coverageSchema":"1a1c01bbd47fc00a2c39e90264f33305004495a9","hash":"198ad07e9d03b1eb2332c6d10db25110da356962"}
,"C:\\Projects\\collabboard-client\\backend\\src\\routes\\projectRoutes.js": {"path":"C:\\Projects\\collabboard-client\\backend\\src\\routes\\projectRoutes.js","statementMap":{"0":{"start":{"line":24,"column":15},"end":{"line":24,"column":31}},"1":{"start":{"line":26,"column":0},"end":{"line":26,"column":38}},"2":{"start":{"line":27,"column":0},"end":{"line":27,"column":44}},"3":{"start":{"line":28,"column":0},"end":{"line":28,"column":41}},"4":{"start":{"line":29,"column":0},"end":{"line":29,"column":43}},"5":{"start":{"line":30,"column":0},"end":{"line":30,"column":46}},"6":{"start":{"line":31,"column":0},"end":{"line":31,"column":88}},"7":{"start":{"line":32,"column":0},"end":{"line":32,"column":56}},"8":{"start":{"line":33,"column":0},"end":{"line":33,"column":83}},"9":{"start":{"line":34,"column":0},"end":{"line":34,"column":75}},"10":{"start":{"line":37,"column":0},"end":{"line":37,"column":55}},"11":{"start":{"line":38,"column":0},"end":{"line":38,"column":55}},"12":{"start":{"line":39,"column":0},"end":{"line":39,"column":68}},"13":{"start":{"line":42,"column":0},"end":{"line":42,"column":60}},"14":{"start":{"line":43,"column":0},"end":{"line":43,"column":54}},"15":{"start":{"line":46,"column":0},"end":{"line":46,"column":57}},"16":{"start":{"line":47,"column":0},"end":{"line":47,"column":69}},"17":{"start":{"line":50,"column":0},"end":{"line":50,"column":83}}},"fnMap":{},"branchMap":{},"s":{"0":9,"1":9,"2":9,"3":9,"4":9,"5":9,"6":9,"7":9,"8":9,"9":9,"10":9,"11":9,"12":9,"13":9,"14":9,"15":9,"16":9,"17":9},"f":{},"b":{},"inputSourceMap":null,"_coverageSchema":"1a1c01bbd47fc00a2c39e90264f33305004495a9","hash":"190e2dfef6dffe6e46f2988108be4b280987b6ca"}
,"C:\\Projects\\collabboard-client\\backend\\src\\routes\\subtaskRoutes.js": {"path":"C:\\Projects\\collabboard-client\\backend\\src\\routes\\subtaskRoutes.js","statementMap":{"0":{"start":{"line":5,"column":15},"end":{"line":5,"column":31}},"1":{"start":{"line":7,"column":0},"end":{"line":7,"column":52}},"2":{"start":{"line":8,"column":0},"end":{"line":8,"column":53}}},"fnMap":{},"branchMap":{},"s":{"0":9,"1":9,"2":9},"f":{},"b":{},"inputSourceMap":null,"_coverageSchema":"1a1c01bbd47fc00a2c39e90264f33305004495a9","hash":"bd858ece7010bba80dcabee1e604282ffab1f129"}
,"C:\\Projects\\collabboard-client\\backend\\src\\routes\\taskRoutes.js": {"path":"C:\\Projects\\collabboard-client\\backend\\src\\routes\\taskRoutes.js","statementMap":{"0":{"start":{"line":5,"column":15},"end":{"line":5,"column":31}},"1":{"start":{"line":7,"column":0},"end":{"line":7,"column":45}},"2":{"start":{"line":8,"column":0},"end":{"line":8,"column":46}},"3":{"start":{"line":9,"column":0},"end":{"line":9,"column":47}},"4":{"start":{"line":10,"column":0},"end":{"line":10,"column":59}},"5":{"start":{"line":11,"column":0},"end":{"line":11,"column":52}},"6":{"start":{"line":12,"column":0},"end":{"line":12,"column":52}},"7":{"start":{"line":13,"column":0},"end":{"line":13,"column":56}},"8":{"start":{"line":16,"column":0},"end":{"line":16,"column":54}},"9":{"start":{"line":17,"column":0},"end":{"line":17,"column":57}},"10":{"start":{"line":18,"column":0},"end":{"line":18,"column":63}},"11":{"start":{"line":22,"column":0},"end":{"line":22,"column":85}},"12":{"start":{"line":23,"column":0},"end":{"line":23,"column":58}},"13":{"start":{"line":26,"column":0},"end":{"line":26,"column":64}},"14":{"start":{"line":27,"column":0},"end":{"line":27,"column":91}},"15":{"start":{"line":28,"column":0},"end":{"line":28,"column":83}}},"fnMap":{},"branchMap":{},"s":{"0":9,"1":9,"2":9,"3":9,"4":9,"5":9,"6":9,"7":9,"8":9,"9":9,"10":9,"11":9,"12":9,"13":9,"14":9,"15":9},"f":{},"b":{},"inputSourceMap":null,"_coverageSchema":"1a1c01bbd47fc00a2c39e90264f33305004495a9","hash":"8f8dbddf1deafbfb64916239caf71bc7c1895338"}
,"C:\\Projects\\collabboard-client\\backend\\src\\routes\\userRoutes.js": {"path":"C:\\Projects\\collabboard-client\\backend\\src\\routes\\userRoutes.js","statementMap":{"0":{"start":{"line":6,"column":15},"end":{"line":6,"column":31}},"1":{"start":{"line":8,"column":0},"end":{"line":8,"column":44}},"2":{"start":{"line":11,"column":0},"end":{"line":11,"column":87}},"3":{"start":{"line":12,"column":0},"end":{"line":12,"column":48}}},"fnMap":{},"branchMap":{},"s":{"0":9,"1":9,"2":9,"3":9},"f":{},"b":{},"inputSourceMap":null,"_coverageSchema":"1a1c01bbd47fc00a2c39e90264f33305004495a9","hash":"eeca99c12a72f8fe7b544d1fe5b4b955c7c5f3f1"}
,"C:\\Projects\\collabboard-client\\backend\\src\\services\\userService.js": {"path":"C:\\Projects\\collabboard-client\\backend\\src\\services\\userService.js","statementMap":{"0":{"start":{"line":5,"column":8},"end":{"line":5,"column":63}},"1":{"start":{"line":9,"column":8},"end":{"line":9,"column":64}},"2":{"start":{"line":13,"column":8},"end":{"line":13,"column":49}},"3":{"start":{"line":17,"column":8},"end":{"line":17,"column":55}},"4":{"start":{"line":21,"column":8},"end":{"line":21,"column":51}},"5":{"start":{"line":25,"column":8},"end":{"line":25,"column":49}},"6":{"start":{"line":29,"column":8},"end":{"line":29,"column":47}}},"fnMap":{"0":{"name":"(anonymous_0)","decl":{"start":{"line":4,"column":4},"end":{"line":4,"column":5}},"loc":{"start":{"line":4,"column":29},"end":{"line":6,"column":5}},"line":4},"1":{"name":"(anonymous_1)","decl":{"start":{"line":8,"column":4},"end":{"line":8,"column":5}},"loc":{"start":{"line":8,"column":41},"end":{"line":10,"column":5}},"line":8},"2":{"name":"(anonymous_2)","decl":{"start":{"line":12,"column":4},"end":{"line":12,"column":5}},"loc":{"start":{"line":12,"column":26},"end":{"line":14,"column":5}},"line":12},"3":{"name":"(anonymous_3)","decl":{"start":{"line":16,"column":4},"end":{"line":16,"column":5}},"loc":{"start":{"line":16,"column":32},"end":{"line":18,"column":5}},"line":16},"4":{"name":"(anonymous_4)","decl":{"start":{"line":20,"column":4},"end":{"line":20,"column":5}},"loc":{"start":{"line":20,"column":25},"end":{"line":22,"column":5}},"line":20},"5":{"name":"(anonymous_5)","decl":{"start":{"line":24,"column":4},"end":{"line":24,"column":5}},"loc":{"start":{"line":24,"column":27},"end":{"line":26,"column":5}},"line":24},"6":{"name":"(anonymous_6)","decl":{"start":{"line":28,"column":4},"end":{"line":28,"column":5}},"loc":{"start":{"line":28,"column":25},"end":{"line":30,"column":5}},"line":28}},"branchMap":{},"s":{"0":0,"1":46,"2":5,"3":10,"4":2,"5":1,"6":4},"f":{"0":0,"1":46,"2":5,"3":10,"4":2,"5":1,"6":4},"b":{},"inputSourceMap":null,"_coverageSchema":"1a1c01bbd47fc00a2c39e90264f33305004495a9","hash":"57601a2d1e0ba8936ec9eb6f7513c940a06f4be5"}
,"C:\\Projects\\collabboard-client\\backend\\src\\utils\\pagination.js": {"path":"C:\\Projects\\collabboard-client\\backend\\src\\utils\\pagination.js","statementMap":{"0":{"start":{"line":1,"column":28},"end":{"line":1,"column":29}},"1":{"start":{"line":2,"column":29},"end":{"line":2,"column":31}},"2":{"start":{"line":3,"column":25},"end":{"line":3,"column":28}},"3":{"start":{"line":18,"column":38},"end":{"line":108,"column":1}},"4":{"start":{"line":26,"column":8},"end":{"line":26,"column":15}},"5":{"start":{"line":28,"column":15},"end":{"line":28,"column":26}},"6":{"start":{"line":29,"column":16},"end":{"line":29,"column":28}},"7":{"start":{"line":30,"column":17},"end":{"line":30,"column":30}},"8":{"start":{"line":31,"column":20},"end":{"line":31,"column":36}},"9":{"start":{"line":34,"column":4},"end":{"line":44,"column":5}},"10":{"start":{"line":35,"column":24},"end":{"line":35,"column":49}},"11":{"start":{"line":36,"column":24},"end":{"line":36,"column":39}},"12":{"start":{"line":38,"column":8},"end":{"line":42,"column":9}},"13":{"start":{"line":39,"column":12},"end":{"line":41,"column":14}},"14":{"start":{"line":43,"column":8},"end":{"line":43,"column":23}},"15":{"start":{"line":47,"column":4},"end":{"line":63,"column":5}},"16":{"start":{"line":48,"column":25},"end":{"line":48,"column":51}},"17":{"start":{"line":49,"column":25},"end":{"line":49,"column":41}},"18":{"start":{"line":51,"column":8},"end":{"line":55,"column":9}},"19":{"start":{"line":52,"column":12},"end":{"line":54,"column":14}},"20":{"start":{"line":57,"column":8},"end":{"line":61,"column":9}},"21":{"start":{"line":58,"column":12},"end":{"line":60,"column":14}},"22":{"start":{"line":62,"column":8},"end":{"line":62,"column":25}},"23":{"start":{"line":66,"column":4},"end":{"line":74,"column":5}},"24":{"start":{"line":67,"column":32},"end":{"line":67,"column":59}},"25":{"start":{"line":68,"column":8},"end":{"line":72,"column":9}},"26":{"start":{"line":69,"column":12},"end":{"line":71,"column":14}},"27":{"start":{"line":73,"column":8},"end":{"line":73,"column":33}},"28":{"start":{"line":77,"column":4},"end":{"line":88,"column":5}},"29":{"start":{"line":78,"column":25},"end":{"line":78,"column":69}},"30":{"start":{"line":79,"column":8},"end":{"line":87,"column":9}},"31":{"start":{"line":80,"column":12},"end":{"line":80,"column":30}},"32":{"start":{"line":81,"column":15},"end":{"line":87,"column":9}},"33":{"start":{"line":82,"column":12},"end":{"line":82,"column":31}},"34":{"start":{"line":84,"column":12},"end":{"line":86,"column":14}},"35":{"start":{"line":90,"column":22},"end":{"line":90,"column":50}},"36":{"start":{"line":91,"column":17},"end":{"line":91,"column":40}},"37":{"start":{"line":94,"column":4},"end":{"line":96,"column":5}},"38":{"start":{"line":95,"column":8},"end":{"line":95,"column":29}},"39":{"start":{"line":98,"column":17},"end":{"line":98,"column":35}},"40":{"start":{"line":100,"column":4},"end":{"line":107,"column":6}},"41":{"start":{"line":123,"column":35},"end":{"line":139,"column":1}},"42":{"start":{"line":125,"column":23},"end":{"line":125,"column":65}},"43":{"start":{"line":128,"column":24},"end":{"line":128,"column":41}},"44":{"start":{"line":129,"column":28},"end":{"line":129,"column":54}},"45":{"start":{"line":131,"column":4},"end":{"line":138,"column":6}}},"fnMap":{"0":{"name":"(anonymous_0)","decl":{"start":{"line":18,"column":38},"end":{"line":18,"column":39}},"loc":{"start":{"line":18,"column":68},"end":{"line":108,"column":1}},"line":18},"1":{"name":"(anonymous_1)","decl":{"start":{"line":123,"column":35},"end":{"line":123,"column":36}},"loc":{"start":{"line":123,"column":59},"end":{"line":139,"column":1}},"line":123}},"branchMap":{"0":{"loc":{"start":{"line":18,"column":39},"end":{"line":18,"column":49}},"type":"default-arg","locations":[{"start":{"line":18,"column":47},"end":{"line":18,"column":49}}],"line":18},"1":{"loc":{"start":{"line":18,"column":51},"end":{"line":18,"column":63}},"type":"default-arg","locations":[{"start":{"line":18,"column":61},"end":{"line":18,"column":63}}],"line":18},"2":{"loc":{"start":{"line":20,"column":8},"end":{"line":20,"column":30}},"type":"default-arg","locations":[{"start":{"line":20,"column":28},"end":{"line":20,"column":30}}],"line":20},"3":{"loc":{"start":{"line":21,"column":8},"end":{"line":21,"column":35}},"type":"default-arg","locations":[{"start":{"line":21,"column":24},"end":{"line":21,"column":35}}],"line":21},"4":{"loc":{"start":{"line":22,"column":8},"end":{"line":22,"column":33}},"type":"default-arg","locations":[{"start":{"line":22,"column":27},"end":{"line":22,"column":33}}],"line":22},"5":{"loc":{"start":{"line":23,"column":8},"end":{"line":23,"column":36}},"type":"default-arg","locations":[{"start":{"line":23,"column":23},"end":{"line":23,"column":36}}],"line":23},"6":{"loc":{"start":{"line":24,"column":8},"end":{"line":24,"column":34}},"type":"default-arg","locations":[{"start":{"line":24,"column":22},"end":{"line":24,"column":34}}],"line":24},"7":{"loc":{"start":{"line":25,"column":8},"end":{"line":25,"column":28}},"type":"default-arg","locations":[{"start":{"line":25,"column":19},"end":{"line":25,"column":28}}],"line":25},"8":{"loc":{"start":{"line":34,"column":4},"end":{"line":44,"column":5}},"type":"if","locations":[{"start":{"line":34,"column":4},"end":{"line":44,"column":5}},{"start":{},"end":{}}],"line":34},"9":{"loc":{"start":{"line":38,"column":8},"end":{"line":42,"column":9}},"type":"if","locations":[{"start":{"line":38,"column":8},"end":{"line":42,"column":9}},{"start":{},"end":{}}],"line":38},"10":{"loc":{"start":{"line":38,"column":12},"end":{"line":38,"column":79}},"type":"binary-expr","locations":[{"start":{"line":38,"column":12},"end":{"line":38,"column":34}},{"start":{"line":38,"column":38},"end":{"line":38,"column":64}},{"start":{"line":38,"column":68},"end":{"line":38,"column":79}}],"line":38},"11":{"loc":{"start":{"line":47,"column":4},"end":{"line":63,"column":5}},"type":"if","locations":[{"start":{"line":47,"column":4},"end":{"line":63,"column":5}},{"start":{},"end":{}}],"line":47},"12":{"loc":{"start":{"line":51,"column":8},"end":{"line":55,"column":9}},"type":"if","locations":[{"start":{"line":51,"column":8},"end":{"line":55,"column":9}},{"start":{},"end":{}}],"line":51},"13":{"loc":{"start":{"line":51,"column":12},"end":{"line":51,"column":82}},"type":"binary-expr","locations":[{"start":{"line":51,"column":12},"end":{"line":51,"column":35}},{"start":{"line":51,"column":39},"end":{"line":51,"column":66}},{"start":{"line":51,"column":70},"end":{"line":51,"column":82}}],"line":51},"14":{"loc":{"start":{"line":57,"column":8},"end":{"line":61,"column":9}},"type":"if","locations":[{"start":{"line":57,"column":8},"end":{"line":61,"column":9}},{"start":{},"end":{}}],"line":57},"15":{"loc":{"start":{"line":66,"column":4},"end":{"line":74,"column":5}},"type":"if","locations":[{"start":{"line":66,"column":4},"end":{"line":74,"column":5}},{"start":{},"end":{}}],"line":66},"16":{"loc":{"start":{"line":66,"column":8},"end":{"line":66,"column":57}},"type":"binary-expr","locations":[{"start":{"line":66,"column":8},"end":{"line":66,"column":34}},{"start":{"line":66,"column":38},"end":{"line":66,"column":57}}],"line":66},"17":{"loc":{"start":{"line":68,"column":8},"end":{"line":72,"column":9}},"type":"if","locations":[{"start":{"line":68,"column":8},"end":{"line":72,"column":9}},{"start":{},"end":{}}],"line":68},"18":{"loc":{"start":{"line":77,"column":4},"end":{"line":88,"column":5}},"type":"if","locations":[{"start":{"line":77,"column":4},"end":{"line":88,"column":5}},{"start":{},"end":{}}],"line":77},"19":{"loc":{"start":{"line":77,"column":8},"end":{"line":77,"column":63}},"type":"binary-expr","locations":[{"start":{"line":77,"column":8},"end":{"line":77,"column":37}},{"start":{"line":77,"column":41},"end":{"line":77,"column":63}}],"line":77},"20":{"loc":{"start":{"line":79,"column":8},"end":{"line":87,"column":9}},"type":"if","locations":[{"start":{"line":79,"column":8},"end":{"line":87,"column":9}},{"start":{"line":81,"column":15},"end":{"line":87,"column":9}}],"line":79},"21":{"loc":{"start":{"line":79,"column":12},"end":{"line":79,"column":78}},"type":"binary-expr","locations":[{"start":{"line":79,"column":12},"end":{"line":79,"column":30}},{"start":{"line":79,"column":34},"end":{"line":79,"column":58}},{"start":{"line":79,"column":62},"end":{"line":79,"column":78}}],"line":79},"22":{"loc":{"start":{"line":81,"column":15},"end":{"line":87,"column":9}},"type":"if","locations":[{"start":{"line":81,"column":15},"end":{"line":87,"column":9}},{"start":{"line":83,"column":15},"end":{"line":87,"column":9}}],"line":81},"23":{"loc":{"start":{"line":81,"column":19},"end":{"line":81,"column":88}},"type":"binary-expr","locations":[{"start":{"line":81,"column":19},"end":{"line":81,"column":38}},{"start":{"line":81,"column":42},"end":{"line":81,"column":67}},{"start":{"line":81,"column":71},"end":{"line":81,"column":88}}],"line":81},"24":{"loc":{"start":{"line":90,"column":22},"end":{"line":90,"column":50}},"type":"cond-expr","locations":[{"start":{"line":90,"column":44},"end":{"line":90,"column":45}},{"start":{"line":90,"column":48},"end":{"line":90,"column":50}}],"line":90},"25":{"loc":{"start":{"line":94,"column":4},"end":{"line":96,"column":5}},"type":"if","locations":[{"start":{"line":94,"column":4},"end":{"line":96,"column":5}},{"start":{},"end":{}}],"line":94},"26":{"loc":{"start":{"line":125,"column":23},"end":{"line":125,"column":65}},"type":"cond-expr","locations":[{"start":{"line":125,"column":37},"end":{"line":125,"column":38}},{"start":{"line":125,"column":41},"end":{"line":125,"column":65}}],"line":125},"27":{"loc":{"start":{"line":129,"column":28},"end":{"line":129,"column":54}},"type":"binary-expr","locations":[{"start":{"line":129,"column":28},"end":{"line":129,"column":36}},{"start":{"line":129,"column":40},"end":{"line":129,"column":54}}],"line":129}},"s":{"0":9,"1":9,"2":9,"3":9,"4":2,"5":2,"6":2,"7":2,"8":2,"9":2,"10":1,"11":1,"12":1,"13":0,"14":1,"15":2,"16":1,"17":1,"18":1,"19":0,"20":1,"21":0,"22":1,"23":2,"24":0,"25":0,"26":0,"27":0,"28":2,"29":0,"30":0,"31":0,"32":0,"33":0,"34":0,"35":2,"36":2,"37":2,"38":2,"39":2,"40":2,"41":9,"42":2,"43":2,"44":2,"45":2},"f":{"0":2,"1":2},"b":{"0":[0],"1":[0],"2":[0],"3":[0],"4":[0],"5":[2],"6":[2],"7":[2],"8":[1,1],"9":[0,1],"10":[1,1,1],"11":[1,1],"12":[0,1],"13":[1,1,1],"14":[0,1],"15":[0,2],"16":[2,0],"17":[0,0],"18":[0,2],"19":[2,0],"20":[0,0],"21":[0,0,0],"22":[0,0],"23":[0,0,0],"24":[0,2],"25":[2,0],"26":[0,2],"27":[2,0]},"inputSourceMap":null,"_coverageSchema":"1a1c01bbd47fc00a2c39e90264f33305004495a9","hash":"075ae5ec060b8f2eeb51dc0d1a0e768853e1d816"}
}
