TN:
SF:app.js
FN:25,(anonymous_0)
FN:36,(anonymous_1)
FN:59,(anonymous_2)
FN:72,(anonymous_3)
FNF:4
FNH:2
FNDA:1,(anonymous_0)
FNDA:1,(anonymous_1)
FNDA:0,(anonymous_2)
FNDA:0,(anonymous_3)
DA:14,9
DA:16,9
DA:19,9
DA:22,9
DA:25,9
DA:26,1
DA:27,1
DA:32,0
DA:36,9
DA:37,1
DA:44,1
DA:45,1
DA:49,9
DA:50,9
DA:51,9
DA:52,9
DA:53,9
DA:54,9
DA:55,9
DA:56,9
DA:59,9
DA:60,0
DA:62,0
DA:63,0
DA:64,0
DA:65,0
DA:71,0
DA:72,0
DA:73,0
DA:79,0
LF:30
LH:20
BRDA:26,0,0,1
BRDA:26,0,1,0
BRDA:26,1,0,1
BRDA:26,1,1,1
BRDA:26,1,2,1
BRDA:44,2,0,1
BRDA:44,2,1,0
BRDA:62,3,0,0
BRDA:62,3,1,0
BRDA:71,4,0,0
BRDA:71,4,1,0
BRDA:79,5,0,0
BRDA:79,5,1,0
BRDA:81,6,0,0
BRDA:81,6,1,0
BRF:15
BRH:5
end_of_record
TN:
SF:src\config\cloudinary.js
FNF:0
FNH:0
DA:3,9
DA:5,9
LF:2
LH:2
BRF:0
BRH:0
end_of_record
TN:
SF:src\config\multer.js
FN:6,(anonymous_0)
FN:15,(anonymous_1)
FNF:2
FNH:0
FNDA:0,(anonymous_0)
FNDA:0,(anonymous_1)
DA:4,9
DA:6,9
DA:7,0
DA:8,0
DA:9,0
DA:11,0
DA:15,9
DA:17,0
DA:21,9
DA:28,9
DA:35,9
LF:11
LH:6
BRDA:8,0,0,0
BRDA:8,0,1,0
BRF:2
BRH:0
end_of_record
TN:
SF:src\config\socket.js
FN:6,(anonymous_0)
FN:15,(anonymous_1)
FN:30,(anonymous_2)
FN:34,(anonymous_3)
FN:42,(anonymous_4)
FN:49,(anonymous_5)
FN:57,(anonymous_6)
FNF:7
FNH:1
FNDA:0,(anonymous_0)
FNDA:0,(anonymous_1)
FNDA:0,(anonymous_2)
FNDA:0,(anonymous_3)
FNDA:0,(anonymous_4)
FNDA:0,(anonymous_5)
FNDA:10,(anonymous_6)
DA:6,9
DA:7,0
DA:15,0
DA:16,0
DA:17,0
DA:18,0
DA:21,0
DA:22,0
DA:23,0
DA:24,0
DA:26,0
DA:30,0
DA:31,0
DA:34,0
DA:35,0
DA:36,0
DA:37,0
DA:42,0
DA:43,0
DA:44,0
DA:45,0
DA:49,0
DA:50,0
DA:54,0
DA:57,9
DA:58,10
DA:59,10
DA:61,0
LF:28
LH:4
BRDA:17,0,0,0
BRDA:17,0,1,0
BRDA:22,1,0,0
BRDA:22,1,1,0
BRDA:35,2,0,0
BRDA:35,2,1,0
BRDA:43,3,0,0
BRDA:43,3,1,0
BRDA:58,4,0,10
BRDA:58,4,1,0
BRF:10
BRH:1
end_of_record
TN:
SF:src\controllers\attachmentController.js
FN:5,(anonymous_0)
FN:16,(anonymous_1)
FN:23,(anonymous_2)
FN:48,(anonymous_3)
FNF:4
FNH:0
FNDA:0,(anonymous_0)
FNDA:0,(anonymous_1)
FNDA:0,(anonymous_2)
FNDA:0,(anonymous_3)
DA:5,9
DA:6,0
DA:7,0
DA:8,0
DA:10,0
DA:12,0
DA:13,0
DA:15,0
DA:16,0
DA:17,0
DA:19,0
DA:23,9
DA:24,0
DA:25,0
DA:26,0
DA:28,0
DA:29,0
DA:32,0
DA:34,0
DA:35,0
DA:36,0
DA:37,0
DA:38,0
DA:42,0
DA:44,0
DA:45,0
DA:47,0
DA:48,0
DA:49,0
DA:51,0
LF:30
LH:2
BRDA:8,0,0,0
BRDA:8,0,1,0
BRDA:12,1,0,0
BRDA:12,1,1,0
BRDA:12,2,0,0
BRDA:12,2,1,0
BRDA:15,3,0,0
BRDA:15,3,1,0
BRDA:26,4,0,0
BRDA:26,4,1,0
BRDA:28,5,0,0
BRDA:28,5,1,0
BRDA:34,6,0,0
BRDA:34,6,1,0
BRDA:36,7,0,0
BRDA:36,7,1,0
BRDA:36,8,0,0
BRDA:36,8,1,0
BRDA:44,9,0,0
BRDA:44,9,1,0
BRDA:44,10,0,0
BRDA:44,10,1,0
BRDA:47,11,0,0
BRDA:47,11,1,0
BRF:24
BRH:0
end_of_record
TN:
SF:src\controllers\authController.js
FN:7,(anonymous_0)
FN:44,(anonymous_1)
FN:57,(anonymous_2)
FN:107,(anonymous_3)
FN:115,(anonymous_4)
FN:141,(anonymous_5)
FN:149,(anonymous_6)
FN:193,(anonymous_7)
FN:201,(anonymous_8)
FN:237,(anonymous_9)
FN:245,(anonymous_10)
FN:285,(anonymous_11)
FN:293,(anonymous_12)
FN:340,(anonymous_13)
FN:353,(anonymous_14)
FN:395,(anonymous_15)
FNF:16
FNH:8
FNDA:3,(anonymous_0)
FNDA:0,(anonymous_1)
FNDA:4,(anonymous_2)
FNDA:0,(anonymous_3)
FNDA:1,(anonymous_4)
FNDA:0,(anonymous_5)
FNDA:2,(anonymous_6)
FNDA:0,(anonymous_7)
FNDA:2,(anonymous_8)
FNDA:0,(anonymous_9)
FNDA:2,(anonymous_10)
FNDA:0,(anonymous_11)
FNDA:3,(anonymous_12)
FNDA:0,(anonymous_13)
FNDA:2,(anonymous_14)
FNDA:0,(anonymous_15)
DA:7,9
DA:8,3
DA:9,3
DA:11,3
DA:12,1
DA:15,2
DA:16,2
DA:17,1
DA:20,1
DA:21,1
DA:23,1
DA:29,1
DA:40,0
DA:41,0
DA:43,0
DA:44,0
DA:45,0
DA:47,0
DA:48,0
DA:49,0
DA:50,0
DA:52,0
DA:53,0
DA:57,9
DA:58,4
DA:59,4
DA:61,4
DA:62,1
DA:65,3
DA:66,3
DA:67,1
DA:70,2
DA:71,2
DA:72,1
DA:75,1
DA:80,1
DA:86,1
DA:103,0
DA:104,0
DA:106,0
DA:107,0
DA:108,0
DA:110,0
DA:111,0
DA:115,9
DA:116,1
DA:117,1
DA:118,1
DA:119,0
DA:122,1
DA:137,0
DA:138,0
DA:140,0
DA:141,0
DA:142,0
DA:144,0
DA:145,0
DA:149,9
DA:150,2
DA:151,2
DA:152,2
DA:153,0
DA:156,2
DA:157,2
DA:158,0
DA:161,2
DA:162,2
DA:164,2
DA:165,2
DA:171,2
DA:180,2
DA:187,2
DA:189,0
DA:190,0
DA:192,0
DA:193,0
DA:194,0
DA:196,0
DA:197,0
DA:201,9
DA:202,2
DA:203,2
DA:204,2
DA:205,0
DA:208,2
DA:209,2
DA:210,0
DA:213,2
DA:215,2
DA:216,1
DA:219,1
DA:220,0
DA:223,1
DA:224,1
DA:226,1
DA:227,1
DA:229,1
DA:231,1
DA:233,0
DA:234,0
DA:236,0
DA:237,0
DA:238,0
DA:240,0
DA:241,0
DA:245,9
DA:246,2
DA:247,2
DA:249,2
DA:250,1
DA:253,1
DA:255,1
DA:256,0
DA:259,1
DA:260,1
DA:261,1
DA:263,1
DA:265,1
DA:281,0
DA:282,0
DA:284,0
DA:285,0
DA:286,0
DA:288,0
DA:289,0
DA:293,9
DA:294,3
DA:295,3
DA:297,3
DA:298,0
DA:301,3
DA:303,3
DA:304,0
DA:307,3
DA:308,3
DA:309,1
DA:312,2
DA:313,2
DA:314,1
DA:317,1
DA:318,1
DA:320,1
DA:336,0
DA:337,0
DA:339,0
DA:340,0
DA:341,0
DA:343,0
DA:344,0
DA:345,0
DA:346,0
DA:348,0
DA:349,0
DA:353,9
DA:354,2
DA:355,2
DA:357,2
DA:358,0
DA:361,2
DA:362,1
DA:365,1
DA:366,0
DA:369,1
DA:371,1
DA:372,0
DA:375,1
DA:376,1
DA:377,0
DA:380,1
DA:381,1
DA:383,1
DA:384,1
DA:386,1
DA:391,0
DA:392,0
DA:394,0
DA:395,0
DA:396,0
DA:398,0
DA:399,0
LF:180
LH:103
BRDA:11,0,0,1
BRDA:11,0,1,2
BRDA:11,1,0,3
BRDA:11,1,1,2
BRDA:11,1,2,2
BRDA:16,2,0,1
BRDA:16,2,1,1
BRDA:40,3,0,0
BRDA:40,3,1,0
BRDA:40,4,0,0
BRDA:40,4,1,0
BRDA:43,5,0,0
BRDA:43,5,1,0
BRDA:47,6,0,0
BRDA:47,6,1,0
BRDA:61,7,0,1
BRDA:61,7,1,3
BRDA:61,8,0,4
BRDA:61,8,1,3
BRDA:66,9,0,1
BRDA:66,9,1,2
BRDA:71,10,0,1
BRDA:71,10,1,1
BRDA:82,11,0,1
BRDA:82,11,1,0
BRDA:83,12,0,1
BRDA:83,12,1,0
BRDA:103,13,0,0
BRDA:103,13,1,0
BRDA:103,14,0,0
BRDA:103,14,1,0
BRDA:106,15,0,0
BRDA:106,15,1,0
BRDA:118,16,0,0
BRDA:118,16,1,1
BRDA:137,17,0,0
BRDA:137,17,1,0
BRDA:137,18,0,0
BRDA:137,18,1,0
BRDA:140,19,0,0
BRDA:140,19,1,0
BRDA:152,20,0,0
BRDA:152,20,1,2
BRDA:157,21,0,0
BRDA:157,21,1,2
BRDA:189,22,0,0
BRDA:189,22,1,0
BRDA:189,23,0,0
BRDA:189,23,1,0
BRDA:192,24,0,0
BRDA:192,24,1,0
BRDA:204,25,0,0
BRDA:204,25,1,2
BRDA:204,26,0,2
BRDA:204,26,1,2
BRDA:204,26,2,2
BRDA:209,27,0,0
BRDA:209,27,1,2
BRDA:215,28,0,1
BRDA:215,28,1,1
BRDA:215,29,0,2
BRDA:215,29,1,2
BRDA:219,30,0,0
BRDA:219,30,1,1
BRDA:233,31,0,0
BRDA:233,31,1,0
BRDA:233,32,0,0
BRDA:233,32,1,0
BRDA:236,33,0,0
BRDA:236,33,1,0
BRDA:249,34,0,1
BRDA:249,34,1,1
BRDA:249,35,0,2
BRDA:249,35,1,2
BRDA:255,36,0,0
BRDA:255,36,1,1
BRDA:281,37,0,0
BRDA:281,37,1,0
BRDA:281,38,0,0
BRDA:281,38,1,0
BRDA:284,39,0,0
BRDA:284,39,1,0
BRDA:297,40,0,0
BRDA:297,40,1,3
BRDA:297,41,0,3
BRDA:297,41,1,3
BRDA:303,42,0,0
BRDA:303,42,1,3
BRDA:308,43,0,1
BRDA:308,43,1,2
BRDA:313,44,0,1
BRDA:313,44,1,1
BRDA:336,45,0,0
BRDA:336,45,1,0
BRDA:336,46,0,0
BRDA:336,46,1,0
BRDA:339,47,0,0
BRDA:339,47,1,0
BRDA:343,48,0,0
BRDA:343,48,1,0
BRDA:357,49,0,0
BRDA:357,49,1,2
BRDA:357,50,0,2
BRDA:357,50,1,2
BRDA:357,50,2,2
BRDA:361,51,0,1
BRDA:361,51,1,1
BRDA:365,52,0,0
BRDA:365,52,1,1
BRDA:371,53,0,0
BRDA:371,53,1,1
BRDA:376,54,0,0
BRDA:376,54,1,1
BRDA:391,55,0,0
BRDA:391,55,1,0
BRDA:391,56,0,0
BRDA:391,56,1,0
BRDA:394,57,0,0
BRDA:394,57,1,0
BRF:119
BRH:52
end_of_record
TN:
SF:src\controllers\cloudinaryController.js
FN:3,(anonymous_0)
FN:15,(anonymous_1)
FNF:2
FNH:0
FNDA:0,(anonymous_0)
FNDA:0,(anonymous_1)
DA:3,9
DA:4,0
DA:5,0
DA:6,0
DA:11,0
DA:12,0
DA:14,0
DA:15,0
DA:16,0
DA:18,0
DA:19,0
LF:11
LH:1
BRDA:11,0,0,0
BRDA:11,0,1,0
BRDA:11,1,0,0
BRDA:11,1,1,0
BRDA:14,2,0,0
BRDA:14,2,1,0
BRF:6
BRH:0
end_of_record
TN:
SF:src\controllers\dashboardController.js
FN:10,(anonymous_0)
FN:17,(anonymous_1)
FN:20,(anonymous_2)
FN:29,(anonymous_3)
FN:31,(anonymous_4)
FN:32,(anonymous_5)
FN:58,(anonymous_6)
FN:66,(anonymous_7)
FN:212,(anonymous_8)
FN:227,(anonymous_9)
FN:248,(anonymous_10)
FN:256,(anonymous_11)
FN:316,(anonymous_12)
FN:318,(anonymous_13)
FN:319,(anonymous_14)
FN:324,(anonymous_15)
FN:428,(anonymous_16)
FN:442,(anonymous_17)
FN:458,(anonymous_18)
FN:466,(anonymous_19)
FN:473,(anonymous_20)
FN:478,(anonymous_21)
FN:498,(anonymous_22)
FN:506,(anonymous_23)
FN:513,(anonymous_24)
FN:520,(anonymous_25)
FN:533,(anonymous_26)
FNF:27
FNH:18
FNDA:1,(anonymous_0)
FNDA:1,(anonymous_1)
FNDA:1,(anonymous_2)
FNDA:1,(anonymous_3)
FNDA:1,(anonymous_4)
FNDA:1,(anonymous_5)
FNDA:0,(anonymous_6)
FNDA:1,(anonymous_7)
FNDA:1,(anonymous_8)
FNDA:1,(anonymous_9)
FNDA:0,(anonymous_10)
FNDA:1,(anonymous_11)
FNDA:1,(anonymous_12)
FNDA:1,(anonymous_13)
FNDA:2,(anonymous_14)
FNDA:1,(anonymous_15)
FNDA:1,(anonymous_16)
FNDA:0,(anonymous_17)
FNDA:0,(anonymous_18)
FNDA:0,(anonymous_19)
FNDA:0,(anonymous_20)
FNDA:0,(anonymous_21)
FNDA:0,(anonymous_22)
FNDA:1,(anonymous_23)
FNDA:1,(anonymous_24)
FNDA:1,(anonymous_25)
FNDA:0,(anonymous_26)
DA:10,9
DA:11,1
DA:12,1
DA:13,1
DA:17,1
DA:18,1
DA:20,1
DA:21,1
DA:22,1
DA:23,1
DA:24,1
DA:25,1
DA:26,1
DA:29,1
DA:30,1
DA:31,1
DA:33,1
DA:49,1
DA:52,1
DA:54,0
DA:55,0
DA:57,0
DA:58,0
DA:59,0
DA:61,0
DA:62,0
DA:66,9
DA:67,1
DA:68,1
DA:69,1
DA:71,1
DA:205,1
DA:207,1
DA:208,1
DA:210,1
DA:212,1
DA:220,1
DA:227,1
DA:228,1
DA:229,1
DA:231,0
DA:235,1
DA:244,0
DA:245,0
DA:247,0
DA:248,0
DA:249,0
DA:251,0
DA:252,0
DA:256,9
DA:257,1
DA:258,1
DA:259,1
DA:260,1
DA:262,1
DA:266,1
DA:267,0
DA:268,0
DA:270,0
DA:283,1
DA:304,1
DA:305,0
DA:316,1
DA:317,1
DA:318,1
DA:319,1
DA:320,2
DA:324,1
DA:326,1
DA:327,0
DA:338,1
DA:425,1
DA:426,1
DA:428,1
DA:429,1
DA:430,1
DA:432,1
DA:442,1
DA:444,1
DA:454,0
DA:455,0
DA:457,0
DA:458,0
DA:459,0
DA:461,0
DA:462,0
DA:466,9
DA:467,0
DA:468,0
DA:469,0
DA:473,0
DA:474,0
DA:478,0
DA:492,0
DA:494,0
DA:495,0
DA:497,0
DA:498,0
DA:499,0
DA:501,0
DA:502,0
DA:506,9
DA:507,1
DA:508,1
DA:509,1
DA:513,1
DA:520,1
DA:527,1
DA:529,0
DA:530,0
DA:532,0
DA:533,0
DA:534,0
DA:536,0
DA:537,0
LF:115
LH:67
BRDA:21,0,0,0
BRDA:21,0,1,1
BRDA:21,1,0,1
BRDA:21,1,1,1
BRDA:24,2,0,0
BRDA:24,2,1,1
BRDA:24,3,0,0
BRDA:24,3,1,0
BRDA:26,4,0,0
BRDA:26,4,1,1
BRDA:41,5,0,1
BRDA:41,5,1,0
BRDA:44,6,0,1
BRDA:44,6,1,1
BRDA:54,7,0,0
BRDA:54,7,1,0
BRDA:54,8,0,0
BRDA:54,8,1,0
BRDA:57,9,0,0
BRDA:57,9,1,0
BRDA:205,10,0,1
BRDA:205,10,1,0
BRDA:207,11,0,1
BRDA:207,11,1,0
BRDA:208,12,0,1
BRDA:208,12,1,1
BRDA:210,13,0,0
BRDA:210,13,1,1
BRDA:212,14,0,1
BRDA:212,14,1,0
BRDA:217,15,0,0
BRDA:217,15,1,1
BRDA:227,16,0,1
BRDA:227,16,1,0
BRDA:228,17,0,1
BRDA:228,17,1,0
BRDA:244,18,0,0
BRDA:244,18,1,0
BRDA:244,19,0,0
BRDA:244,19,1,0
BRDA:247,20,0,0
BRDA:247,20,1,0
BRDA:266,21,0,0
BRDA:266,21,1,1
BRDA:267,22,0,0
BRDA:267,22,1,0
BRDA:304,23,0,0
BRDA:304,23,1,1
BRDA:304,24,0,1
BRDA:304,24,1,1
BRDA:319,25,0,1
BRDA:319,25,1,0
BRDA:320,26,0,2
BRDA:320,26,1,0
BRDA:326,27,0,0
BRDA:326,27,1,1
BRDA:435,28,0,1
BRDA:435,28,1,1
BRDA:438,29,0,0
BRDA:438,29,1,1
BRDA:454,30,0,0
BRDA:454,30,1,0
BRDA:454,31,0,0
BRDA:454,31,1,0
BRDA:457,32,0,0
BRDA:457,32,1,0
BRDA:468,33,0,0
BRDA:468,33,1,0
BRDA:485,34,0,0
BRDA:485,34,1,0
BRDA:488,35,0,0
BRDA:488,35,1,0
BRDA:494,36,0,0
BRDA:494,36,1,0
BRDA:494,37,0,0
BRDA:494,37,1,0
BRDA:497,38,0,0
BRDA:497,38,1,0
BRDA:517,39,0,0
BRDA:517,39,1,1
BRDA:517,40,0,1
BRDA:517,40,1,1
BRDA:518,41,0,0
BRDA:518,41,1,1
BRDA:518,42,0,1
BRDA:518,42,1,1
BRDA:521,43,0,1
BRDA:521,43,1,0
BRDA:523,44,0,1
BRDA:523,44,1,1
BRDA:529,45,0,0
BRDA:529,45,1,0
BRDA:529,46,0,0
BRDA:529,46,1,0
BRDA:532,47,0,0
BRDA:532,47,1,0
BRF:96
BRH:36
end_of_record
TN:
SF:src\controllers\projectController.js
FN:13,(anonymous_0)
FN:14,(anonymous_1)
FN:15,(anonymous_2)
FN:24,(anonymous_3)
FN:57,(anonymous_4)
FN:61,(anonymous_5)
FN:68,(anonymous_6)
FN:71,(anonymous_7)
FN:101,(anonymous_8)
FN:110,(anonymous_9)
FN:116,(anonymous_10)
FN:135,(anonymous_11)
FN:144,(anonymous_12)
FN:171,(anonymous_13)
FN:179,(anonymous_14)
FN:198,(anonymous_15)
FN:207,(anonymous_16)
FN:249,(anonymous_17)
FN:258,(anonymous_18)
FN:277,(anonymous_19)
FN:286,(anonymous_20)
FN:317,(anonymous_21)
FN:326,(anonymous_22)
FN:335,(anonymous_23)
FN:343,(anonymous_24)
FN:381,(anonymous_25)
FN:389,(anonymous_26)
FN:409,(anonymous_27)
FN:417,(anonymous_28)
FN:422,(anonymous_29)
FN:441,(anonymous_30)
FN:449,(anonymous_31)
FN:464,(anonymous_32)
FN:481,(anonymous_33)
FN:489,(anonymous_34)
FN:502,(anonymous_35)
FN:511,(anonymous_36)
FN:519,(anonymous_37)
FN:560,(anonymous_38)
FN:569,(anonymous_39)
FN:573,(anonymous_40)
FN:589,(anonymous_41)
FN:598,(anonymous_42)
FN:609,(anonymous_43)
FNF:44
FNH:15
FNDA:0,(anonymous_0)
FNDA:0,(anonymous_1)
FNDA:0,(anonymous_2)
FNDA:1,(anonymous_3)
FNDA:2,(anonymous_4)
FNDA:0,(anonymous_5)
FNDA:2,(anonymous_6)
FNDA:2,(anonymous_7)
FNDA:0,(anonymous_8)
FNDA:2,(anonymous_9)
FNDA:1,(anonymous_10)
FNDA:0,(anonymous_11)
FNDA:2,(anonymous_12)
FNDA:0,(anonymous_13)
FNDA:0,(anonymous_14)
FNDA:0,(anonymous_15)
FNDA:2,(anonymous_16)
FNDA:0,(anonymous_17)
FNDA:1,(anonymous_18)
FNDA:0,(anonymous_19)
FNDA:0,(anonymous_20)
FNDA:0,(anonymous_21)
FNDA:0,(anonymous_22)
FNDA:0,(anonymous_23)
FNDA:0,(anonymous_24)
FNDA:0,(anonymous_25)
FNDA:0,(anonymous_26)
FNDA:0,(anonymous_27)
FNDA:1,(anonymous_28)
FNDA:2,(anonymous_29)
FNDA:0,(anonymous_30)
FNDA:1,(anonymous_31)
FNDA:1,(anonymous_32)
FNDA:0,(anonymous_33)
FNDA:2,(anonymous_34)
FNDA:2,(anonymous_35)
FNDA:0,(anonymous_36)
FNDA:0,(anonymous_37)
FNDA:0,(anonymous_38)
FNDA:0,(anonymous_39)
FNDA:0,(anonymous_40)
FNDA:0,(anonymous_41)
FNDA:0,(anonymous_42)
FNDA:0,(anonymous_43)
DA:13,9
DA:14,0
DA:15,0
DA:16,0
DA:17,0
DA:19,0
DA:24,9
DA:25,1
DA:26,1
DA:32,1
DA:33,0
DA:36,1
DA:38,1
DA:39,1
DA:45,1
DA:46,0
DA:49,1
DA:50,1
DA:57,2
DA:58,1
DA:60,1
DA:61,1
DA:62,0
DA:63,0
DA:64,0
DA:68,1
DA:69,2
DA:70,2
DA:71,2
DA:72,2
DA:73,2
DA:83,2
DA:86,1
DA:88,1
DA:97,0
DA:98,0
DA:100,0
DA:101,0
DA:102,0
DA:104,0
DA:105,0
DA:110,9
DA:111,2
DA:112,2
DA:113,2
DA:115,1
DA:116,1
DA:117,1
DA:118,1
DA:129,1
DA:131,0
DA:132,0
DA:134,0
DA:135,0
DA:136,0
DA:138,0
DA:139,0
DA:144,9
DA:145,2
DA:146,2
DA:147,2
DA:149,1
DA:150,0
DA:151,0
DA:152,0
DA:153,0
DA:154,0
DA:158,1
DA:170,1
DA:171,0
DA:179,0
DA:189,0
DA:192,1
DA:194,0
DA:195,0
DA:197,0
DA:198,0
DA:199,0
DA:201,0
DA:202,0
DA:207,9
DA:208,2
DA:209,2
DA:210,2
DA:212,2
DA:213,1
DA:215,1
DA:216,0
DA:217,0
DA:218,0
DA:219,0
DA:220,0
DA:221,0
DA:222,0
DA:224,0
DA:225,0
DA:227,0
DA:228,0
DA:234,1
DA:237,1
DA:238,0
DA:241,1
DA:243,1
DA:245,0
DA:246,0
DA:248,0
DA:249,0
DA:250,0
DA:252,0
DA:253,0
DA:258,9
DA:259,1
DA:260,1
DA:261,1
DA:263,1
DA:264,0
DA:267,1
DA:268,1
DA:269,1
DA:271,1
DA:273,0
DA:274,0
DA:276,0
DA:277,0
DA:278,0
DA:280,0
DA:281,0
DA:286,9
DA:287,0
DA:288,0
DA:289,0
DA:291,0
DA:292,0
DA:295,0
DA:296,0
DA:297,0
DA:301,0
DA:302,0
DA:303,0
DA:305,0
DA:308,0
DA:309,0
DA:311,0
DA:313,0
DA:314,0
DA:316,0
DA:317,0
DA:318,0
DA:320,0
DA:321,0
DA:326,9
DA:327,0
DA:328,0
DA:329,0
DA:331,0
DA:332,0
DA:334,0
DA:335,0
DA:336,0
DA:338,0
DA:343,9
DA:344,0
DA:345,0
DA:346,0
DA:348,0
DA:349,0
DA:350,0
DA:351,0
DA:352,0
DA:354,0
DA:355,0
DA:359,0
DA:360,0
DA:363,0
DA:365,0
DA:375,0
DA:377,0
DA:378,0
DA:380,0
DA:381,0
DA:382,0
DA:384,0
DA:389,9
DA:390,0
DA:391,0
DA:392,0
DA:394,0
DA:395,0
DA:396,0
DA:399,0
DA:400,0
DA:402,0
DA:403,0
DA:405,0
DA:406,0
DA:408,0
DA:409,0
DA:410,0
DA:412,0
DA:417,9
DA:418,1
DA:419,1
DA:420,1
DA:422,1
DA:423,2
DA:424,2
DA:435,1
DA:437,0
DA:438,0
DA:440,0
DA:441,0
DA:442,0
DA:444,0
DA:449,9
DA:450,1
DA:451,1
DA:452,1
DA:453,1
DA:455,1
DA:456,0
DA:459,1
DA:460,1
DA:461,1
DA:463,1
DA:464,1
DA:465,0
DA:468,1
DA:469,1
DA:470,1
DA:472,1
DA:477,0
DA:478,0
DA:480,0
DA:481,0
DA:482,0
DA:484,0
DA:489,9
DA:490,2
DA:491,2
DA:492,2
DA:494,2
DA:495,0
DA:498,2
DA:499,1
DA:502,2
DA:503,1
DA:505,1
DA:507,0
DA:508,0
DA:510,0
DA:511,0
DA:512,0
DA:514,0
DA:519,9
DA:520,0
DA:521,0
DA:522,0
DA:524,0
DA:530,0
DA:531,0
DA:534,0
DA:536,0
DA:537,0
DA:545,0
DA:547,0
DA:556,0
DA:557,0
DA:559,0
DA:560,0
DA:561,0
DA:563,0
DA:569,9
DA:570,0
DA:571,0
DA:573,0
DA:583,0
DA:585,0
DA:586,0
DA:588,0
DA:589,0
DA:590,0
DA:592,0
DA:596,9
DA:598,9
DA:599,0
DA:600,0
DA:601,0
DA:603,0
DA:605,0
DA:606,0
DA:608,0
DA:609,0
DA:610,0
DA:612,0
LF:294
LH:102
BRDA:16,0,0,0
BRDA:16,0,1,0
BRDA:32,1,0,0
BRDA:32,1,1,1
BRDA:45,2,0,0
BRDA:45,2,1,1
BRDA:63,3,0,0
BRDA:63,3,1,0
BRDA:70,4,0,2
BRDA:70,4,1,2
BRDA:74,5,0,2
BRDA:74,5,1,0
BRDA:78,6,0,2
BRDA:78,6,1,0
BRDA:79,7,0,2
BRDA:79,7,1,0
BRDA:80,8,0,2
BRDA:80,8,1,0
BRDA:97,9,0,0
BRDA:97,9,1,0
BRDA:97,10,0,0
BRDA:97,10,1,0
BRDA:100,11,0,0
BRDA:100,11,1,0
BRDA:113,12,0,1
BRDA:113,12,1,1
BRDA:119,13,0,1
BRDA:119,13,1,0
BRDA:123,14,0,1
BRDA:123,14,1,0
BRDA:124,15,0,1
BRDA:124,15,1,0
BRDA:125,16,0,1
BRDA:125,16,1,0
BRDA:131,17,0,0
BRDA:131,17,1,0
BRDA:131,18,0,0
BRDA:131,18,1,0
BRDA:134,19,0,0
BRDA:134,19,1,0
BRDA:147,20,0,1
BRDA:147,20,1,1
BRDA:149,21,0,0
BRDA:149,21,1,1
BRDA:153,22,0,0
BRDA:153,22,1,0
BRDA:153,23,0,0
BRDA:153,23,1,0
BRDA:162,24,0,1
BRDA:162,24,1,0
BRDA:163,25,0,1
BRDA:163,25,1,1
BRDA:165,26,0,1
BRDA:165,26,1,1
BRDA:166,27,0,1
BRDA:166,27,1,1
BRDA:170,28,0,0
BRDA:170,28,1,1
BRDA:170,29,0,1
BRDA:170,29,1,0
BRDA:170,29,2,0
BRDA:174,30,0,0
BRDA:174,30,1,0
BRDA:175,31,0,0
BRDA:175,31,1,0
BRDA:176,32,0,0
BRDA:176,32,1,0
BRDA:177,33,0,0
BRDA:177,33,1,0
BRDA:178,34,0,0
BRDA:178,34,1,0
BRDA:179,35,0,0
BRDA:179,35,1,0
BRDA:180,36,0,0
BRDA:180,36,1,0
BRDA:180,36,2,0
BRDA:181,37,0,0
BRDA:181,37,1,0
BRDA:194,38,0,0
BRDA:194,38,1,0
BRDA:194,39,0,0
BRDA:194,39,1,0
BRDA:197,40,0,0
BRDA:197,40,1,0
BRDA:210,41,0,0
BRDA:210,41,1,2
BRDA:212,42,0,1
BRDA:212,42,1,1
BRDA:215,43,0,0
BRDA:215,43,1,1
BRDA:217,44,0,0
BRDA:217,44,1,0
BRDA:218,45,0,0
BRDA:218,45,1,0
BRDA:218,46,0,0
BRDA:218,46,1,0
BRDA:218,46,2,0
BRDA:224,47,0,0
BRDA:224,47,1,0
BRDA:227,48,0,0
BRDA:227,48,1,0
BRDA:237,49,0,0
BRDA:237,49,1,1
BRDA:238,50,0,0
BRDA:238,50,1,0
BRDA:245,51,0,0
BRDA:245,51,1,0
BRDA:245,52,0,0
BRDA:245,52,1,0
BRDA:248,53,0,0
BRDA:248,53,1,0
BRDA:261,54,0,0
BRDA:261,54,1,1
BRDA:263,55,0,0
BRDA:263,55,1,1
BRDA:273,56,0,0
BRDA:273,56,1,0
BRDA:273,57,0,0
BRDA:273,57,1,0
BRDA:276,58,0,0
BRDA:276,58,1,0
BRDA:289,59,0,0
BRDA:289,59,1,0
BRDA:291,60,0,0
BRDA:291,60,1,0
BRDA:296,61,0,0
BRDA:296,61,1,0
BRDA:302,62,0,0
BRDA:302,62,1,0
BRDA:313,63,0,0
BRDA:313,63,1,0
BRDA:313,64,0,0
BRDA:313,64,1,0
BRDA:316,65,0,0
BRDA:316,65,1,0
BRDA:331,66,0,0
BRDA:331,66,1,0
BRDA:331,67,0,0
BRDA:331,67,1,0
BRDA:334,68,0,0
BRDA:334,68,1,0
BRDA:346,69,0,0
BRDA:346,69,1,0
BRDA:348,70,0,0
BRDA:348,70,1,0
BRDA:349,71,0,0
BRDA:349,71,1,0
BRDA:350,72,0,0
BRDA:350,72,1,0
BRDA:350,72,2,0
BRDA:351,73,0,0
BRDA:351,73,1,0
BRDA:352,74,0,0
BRDA:352,74,1,0
BRDA:354,75,0,0
BRDA:354,75,1,0
BRDA:363,76,0,0
BRDA:363,76,1,0
BRDA:377,77,0,0
BRDA:377,77,1,0
BRDA:377,78,0,0
BRDA:377,78,1,0
BRDA:380,79,0,0
BRDA:380,79,1,0
BRDA:392,80,0,0
BRDA:392,80,1,0
BRDA:395,81,0,0
BRDA:395,81,1,0
BRDA:395,82,0,0
BRDA:395,82,1,0
BRDA:399,83,0,0
BRDA:399,83,1,0
BRDA:405,84,0,0
BRDA:405,84,1,0
BRDA:405,85,0,0
BRDA:405,85,1,0
BRDA:408,86,0,0
BRDA:408,86,1,0
BRDA:420,87,0,0
BRDA:420,87,1,1
BRDA:425,88,0,2
BRDA:425,88,1,0
BRDA:426,89,0,2
BRDA:426,89,1,0
BRDA:427,90,0,2
BRDA:427,90,1,0
BRDA:428,91,0,2
BRDA:428,91,1,0
BRDA:437,92,0,0
BRDA:437,92,1,0
BRDA:437,93,0,0
BRDA:437,93,1,0
BRDA:440,94,0,0
BRDA:440,94,1,0
BRDA:453,95,0,0
BRDA:453,95,1,1
BRDA:455,96,0,0
BRDA:455,96,1,1
BRDA:460,97,0,0
BRDA:460,97,1,1
BRDA:461,98,0,1
BRDA:461,98,1,0
BRDA:463,99,0,0
BRDA:463,99,1,1
BRDA:464,100,0,0
BRDA:464,100,1,1
BRDA:468,101,0,1
BRDA:468,101,1,0
BRDA:477,102,0,0
BRDA:477,102,1,0
BRDA:477,103,0,0
BRDA:477,103,1,0
BRDA:480,104,0,0
BRDA:480,104,1,0
BRDA:492,105,0,0
BRDA:492,105,1,2
BRDA:494,106,0,0
BRDA:494,106,1,2
BRDA:498,107,0,1
BRDA:498,107,1,1
BRDA:507,108,0,0
BRDA:507,108,1,0
BRDA:507,109,0,0
BRDA:507,109,1,0
BRDA:510,110,0,0
BRDA:510,110,1,0
BRDA:521,111,0,0
BRDA:521,111,1,0
BRDA:522,112,0,0
BRDA:522,112,1,0
BRDA:530,113,0,0
BRDA:530,113,1,0
BRDA:556,114,0,0
BRDA:556,114,1,0
BRDA:556,115,0,0
BRDA:556,115,1,0
BRDA:559,116,0,0
BRDA:559,116,1,0
BRDA:571,117,0,0
BRDA:571,117,1,0
BRDA:580,118,0,0
BRDA:580,118,1,0
BRDA:585,119,0,0
BRDA:585,119,1,0
BRDA:585,120,0,0
BRDA:585,120,1,0
BRDA:588,121,0,0
BRDA:588,121,1,0
BRDA:601,122,0,0
BRDA:601,122,1,0
BRDA:605,123,0,0
BRDA:605,123,1,0
BRDA:605,124,0,0
BRDA:605,124,1,0
BRDA:608,125,0,0
BRDA:608,125,1,0
BRF:256
BRH:49
end_of_record
TN:
SF:src\controllers\subtaskController.js
FN:3,(anonymous_0)
FN:25,(anonymous_1)
FN:33,(anonymous_2)
FN:49,(anonymous_3)
FNF:4
FNH:2
FNDA:1,(anonymous_0)
FNDA:0,(anonymous_1)
FNDA:1,(anonymous_2)
FNDA:0,(anonymous_3)
DA:3,9
DA:4,1
DA:5,1
DA:6,1
DA:8,1
DA:9,1
DA:11,1
DA:12,1
DA:13,1
DA:14,1
DA:15,1
DA:17,1
DA:19,1
DA:21,0
DA:22,0
DA:24,0
DA:25,0
DA:26,0
DA:28,0
DA:29,0
DA:33,9
DA:34,1
DA:35,1
DA:37,1
DA:38,1
DA:40,1
DA:41,1
DA:43,1
DA:45,0
DA:46,0
DA:48,0
DA:49,0
DA:50,0
DA:52,0
DA:53,0
LF:35
LH:21
BRDA:9,0,0,0
BRDA:9,0,1,1
BRDA:12,1,0,1
BRDA:12,1,1,0
BRDA:13,2,0,0
BRDA:13,2,1,1
BRDA:14,3,0,1
BRDA:14,3,1,0
BRDA:15,4,0,0
BRDA:15,4,1,1
BRDA:21,5,0,0
BRDA:21,5,1,0
BRDA:21,6,0,0
BRDA:21,6,1,0
BRDA:24,7,0,0
BRDA:24,7,1,0
BRDA:38,8,0,0
BRDA:38,8,1,1
BRDA:45,9,0,0
BRDA:45,9,1,0
BRDA:45,10,0,0
BRDA:45,10,1,0
BRDA:48,11,0,0
BRDA:48,11,1,0
BRF:24
BRH:6
end_of_record
TN:
SF:src\controllers\taskController.js
FN:10,(anonymous_0)
FN:11,(anonymous_1)
FN:12,(anonymous_2)
FN:20,(anonymous_3)
FN:34,(anonymous_4)
FN:37,(anonymous_5)
FN:41,(anonymous_6)
FN:82,(anonymous_7)
FN:89,(anonymous_8)
FN:122,(anonymous_9)
FN:129,(anonymous_10)
FN:139,(anonymous_11)
FN:146,(anonymous_12)
FN:153,(anonymous_13)
FN:186,(anonymous_14)
FN:193,(anonymous_15)
FN:217,(anonymous_16)
FN:224,(anonymous_17)
FN:260,(anonymous_18)
FN:267,(anonymous_19)
FN:294,(anonymous_20)
FN:301,(anonymous_21)
FN:330,(anonymous_22)
FN:337,(anonymous_23)
FN:348,(anonymous_24)
FN:355,(anonymous_25)
FN:365,(anonymous_26)
FN:372,(anonymous_27)
FN:389,(anonymous_28)
FN:396,(anonymous_29)
FN:413,(anonymous_30)
FN:420,(anonymous_31)
FN:446,(anonymous_32)
FN:453,(anonymous_33)
FN:472,(anonymous_34)
FN:479,(anonymous_35)
FN:488,(anonymous_36)
FN:495,(anonymous_37)
FN:537,(anonymous_38)
FN:544,(anonymous_39)
FN:563,(anonymous_40)
FNF:41
FNH:10
FNDA:0,(anonymous_0)
FNDA:0,(anonymous_1)
FNDA:0,(anonymous_2)
FNDA:12,(anonymous_3)
FNDA:0,(anonymous_4)
FNDA:0,(anonymous_5)
FNDA:1,(anonymous_6)
FNDA:0,(anonymous_7)
FNDA:2,(anonymous_8)
FNDA:0,(anonymous_9)
FNDA:2,(anonymous_10)
FNDA:0,(anonymous_11)
FNDA:8,(anonymous_12)
FNDA:15,(anonymous_13)
FNDA:0,(anonymous_14)
FNDA:1,(anonymous_15)
FNDA:0,(anonymous_16)
FNDA:2,(anonymous_17)
FNDA:0,(anonymous_18)
FNDA:0,(anonymous_19)
FNDA:0,(anonymous_20)
FNDA:0,(anonymous_21)
FNDA:0,(anonymous_22)
FNDA:0,(anonymous_23)
FNDA:0,(anonymous_24)
FNDA:1,(anonymous_25)
FNDA:0,(anonymous_26)
FNDA:1,(anonymous_27)
FNDA:0,(anonymous_28)
FNDA:0,(anonymous_29)
FNDA:0,(anonymous_30)
FNDA:0,(anonymous_31)
FNDA:0,(anonymous_32)
FNDA:0,(anonymous_33)
FNDA:0,(anonymous_34)
FNDA:0,(anonymous_35)
FNDA:0,(anonymous_36)
FNDA:0,(anonymous_37)
FNDA:0,(anonymous_38)
FNDA:0,(anonymous_39)
FNDA:0,(anonymous_40)
DA:10,9
DA:11,0
DA:12,0
DA:13,0
DA:14,0
DA:16,0
DA:20,9
DA:21,12
DA:22,12
DA:24,12
DA:25,12
DA:27,12
DA:28,1
DA:31,11
DA:34,9
DA:35,0
DA:36,0
DA:37,0
DA:38,0
DA:41,9
DA:42,1
DA:43,1
DA:44,1
DA:46,1
DA:52,1
DA:53,0
DA:56,1
DA:58,1
DA:59,1
DA:67,1
DA:69,1
DA:78,0
DA:79,0
DA:81,0
DA:82,0
DA:83,0
DA:85,0
DA:89,9
DA:90,2
DA:91,2
DA:92,2
DA:93,2
DA:95,1
DA:110,1
DA:111,1
DA:113,1
DA:116,1
DA:118,0
DA:119,0
DA:121,0
DA:122,0
DA:123,0
DA:125,0
DA:129,9
DA:130,2
DA:131,2
DA:132,2
DA:133,2
DA:135,0
DA:136,0
DA:138,0
DA:139,0
DA:140,0
DA:142,0
DA:146,9
DA:147,8
DA:148,8
DA:149,8
DA:152,7
DA:153,7
DA:154,15
DA:155,8
DA:160,7
DA:164,6
DA:165,6
DA:168,7
DA:170,6
DA:171,6
DA:172,6
DA:174,6
DA:177,6
DA:179,1
DA:180,1
DA:182,0
DA:183,0
DA:185,0
DA:186,0
DA:187,0
DA:189,0
DA:193,9
DA:194,1
DA:195,1
DA:196,1
DA:198,1
DA:199,0
DA:201,1
DA:202,1
DA:204,1
DA:205,1
DA:206,1
DA:208,1
DA:211,1
DA:213,0
DA:214,0
DA:216,0
DA:217,0
DA:218,0
DA:220,0
DA:224,9
DA:225,2
DA:226,2
DA:227,2
DA:229,2
DA:230,2
DA:232,2
DA:233,2
DA:235,2
DA:236,2
DA:245,2
DA:247,2
DA:248,2
DA:249,2
DA:251,2
DA:254,2
DA:256,0
DA:257,0
DA:259,0
DA:260,0
DA:261,0
DA:263,0
DA:267,9
DA:268,0
DA:269,0
DA:270,0
DA:271,0
DA:273,0
DA:275,0
DA:276,0
DA:278,0
DA:286,0
DA:288,0
DA:290,0
DA:291,0
DA:293,0
DA:294,0
DA:295,0
DA:297,0
DA:301,9
DA:302,0
DA:303,0
DA:304,0
DA:306,0
DA:307,0
DA:309,0
DA:311,0
DA:312,0
DA:314,0
DA:322,0
DA:324,0
DA:326,0
DA:327,0
DA:329,0
DA:330,0
DA:331,0
DA:333,0
DA:337,9
DA:338,0
DA:339,0
DA:340,0
DA:342,0
DA:344,0
DA:345,0
DA:347,0
DA:348,0
DA:349,0
DA:351,0
DA:355,9
DA:356,1
DA:357,1
DA:358,1
DA:359,1
DA:361,0
DA:362,0
DA:364,0
DA:365,0
DA:366,0
DA:368,0
DA:372,9
DA:373,1
DA:374,1
DA:375,1
DA:377,1
DA:378,1
DA:380,1
DA:381,1
DA:383,1
DA:385,0
DA:386,0
DA:388,0
DA:389,0
DA:390,0
DA:392,0
DA:396,9
DA:397,0
DA:398,0
DA:399,0
DA:401,0
DA:402,0
DA:404,0
DA:405,0
DA:407,0
DA:409,0
DA:410,0
DA:412,0
DA:413,0
DA:414,0
DA:416,0
DA:420,9
DA:421,0
DA:422,0
DA:424,0
DA:425,0
DA:427,0
DA:428,0
DA:431,0
DA:436,0
DA:437,0
DA:438,0
DA:440,0
DA:442,0
DA:443,0
DA:445,0
DA:446,0
DA:447,0
DA:449,0
DA:453,9
DA:454,0
DA:455,0
DA:456,0
DA:458,0
DA:459,0
DA:462,0
DA:463,0
DA:464,0
DA:466,0
DA:468,0
DA:469,0
DA:471,0
DA:472,0
DA:473,0
DA:475,0
DA:479,9
DA:480,0
DA:481,0
DA:482,0
DA:484,0
DA:485,0
DA:487,0
DA:488,0
DA:489,0
DA:491,0
DA:495,9
DA:496,0
DA:497,0
DA:498,0
DA:500,0
DA:501,0
DA:502,0
DA:503,0
DA:504,0
DA:506,0
DA:507,0
DA:511,0
DA:512,0
DA:515,0
DA:517,0
DA:528,0
DA:529,0
DA:531,0
DA:533,0
DA:534,0
DA:536,0
DA:537,0
DA:538,0
DA:540,0
DA:544,9
DA:545,0
DA:546,0
DA:547,0
DA:549,0
DA:550,0
DA:552,0
DA:553,0
DA:555,0
DA:557,0
DA:559,0
DA:560,0
DA:562,0
DA:563,0
DA:564,0
DA:566,0
LF:301
LH:106
BRDA:13,0,0,0
BRDA:13,0,1,0
BRDA:22,1,0,0
BRDA:22,1,1,12
BRDA:27,2,0,1
BRDA:27,2,1,11
BRDA:27,3,0,12
BRDA:27,3,1,1
BRDA:35,4,0,0
BRDA:35,4,1,0
BRDA:36,5,0,0
BRDA:36,5,1,0
BRDA:36,6,0,0
BRDA:36,6,1,0
BRDA:37,7,0,0
BRDA:37,7,1,0
BRDA:43,8,0,1
BRDA:43,8,1,0
BRDA:44,9,0,0
BRDA:44,9,1,1
BRDA:52,10,0,0
BRDA:52,10,1,1
BRDA:78,11,0,0
BRDA:78,11,1,0
BRDA:78,12,0,0
BRDA:78,12,1,0
BRDA:81,13,0,0
BRDA:81,13,1,0
BRDA:92,14,0,2
BRDA:92,14,1,0
BRDA:93,15,0,1
BRDA:93,15,1,1
BRDA:93,16,0,2
BRDA:93,16,1,2
BRDA:99,17,0,1
BRDA:99,17,1,0
BRDA:100,18,0,1
BRDA:100,18,1,0
BRDA:101,19,0,1
BRDA:101,19,1,1
BRDA:118,20,0,0
BRDA:118,20,1,0
BRDA:118,21,0,0
BRDA:118,21,1,0
BRDA:121,22,0,0
BRDA:121,22,1,0
BRDA:132,23,0,0
BRDA:132,23,1,2
BRDA:135,24,0,0
BRDA:135,24,1,0
BRDA:135,25,0,0
BRDA:135,25,1,0
BRDA:138,26,0,0
BRDA:138,26,1,0
BRDA:149,27,0,1
BRDA:149,27,1,7
BRDA:154,28,0,8
BRDA:154,28,1,7
BRDA:160,29,0,1
BRDA:160,29,1,6
BRDA:164,30,0,0
BRDA:164,30,1,6
BRDA:165,31,0,5
BRDA:165,31,1,1
BRDA:171,32,0,6
BRDA:171,32,1,0
BRDA:179,33,0,1
BRDA:179,33,1,0
BRDA:182,34,0,0
BRDA:182,34,1,0
BRDA:182,35,0,0
BRDA:182,35,1,0
BRDA:185,36,0,0
BRDA:185,36,1,0
BRDA:196,37,0,0
BRDA:196,37,1,1
BRDA:198,38,0,0
BRDA:198,38,1,1
BRDA:205,39,0,1
BRDA:205,39,1,0
BRDA:213,40,0,0
BRDA:213,40,1,0
BRDA:213,41,0,0
BRDA:213,41,1,0
BRDA:216,42,0,0
BRDA:216,42,1,0
BRDA:227,43,0,0
BRDA:227,43,1,2
BRDA:230,44,0,0
BRDA:230,44,1,2
BRDA:235,45,0,2
BRDA:235,45,1,0
BRDA:248,46,0,2
BRDA:248,46,1,0
BRDA:256,47,0,0
BRDA:256,47,1,0
BRDA:256,48,0,0
BRDA:256,48,1,0
BRDA:259,49,0,0
BRDA:259,49,1,0
BRDA:271,50,0,0
BRDA:271,50,1,0
BRDA:290,51,0,0
BRDA:290,51,1,0
BRDA:290,52,0,0
BRDA:290,52,1,0
BRDA:293,53,0,0
BRDA:293,53,1,0
BRDA:304,54,0,0
BRDA:304,54,1,0
BRDA:307,55,0,0
BRDA:307,55,1,0
BRDA:326,56,0,0
BRDA:326,56,1,0
BRDA:326,57,0,0
BRDA:326,57,1,0
BRDA:329,58,0,0
BRDA:329,58,1,0
BRDA:340,59,0,0
BRDA:340,59,1,0
BRDA:344,60,0,0
BRDA:344,60,1,0
BRDA:344,61,0,0
BRDA:344,61,1,0
BRDA:347,62,0,0
BRDA:347,62,1,0
BRDA:358,63,0,0
BRDA:358,63,1,1
BRDA:361,64,0,0
BRDA:361,64,1,0
BRDA:361,65,0,0
BRDA:361,65,1,0
BRDA:364,66,0,0
BRDA:364,66,1,0
BRDA:375,67,0,0
BRDA:375,67,1,1
BRDA:378,68,0,0
BRDA:378,68,1,1
BRDA:380,69,0,1
BRDA:380,69,1,1
BRDA:385,70,0,0
BRDA:385,70,1,0
BRDA:385,71,0,0
BRDA:385,71,1,0
BRDA:388,72,0,0
BRDA:388,72,1,0
BRDA:399,73,0,0
BRDA:399,73,1,0
BRDA:402,74,0,0
BRDA:402,74,1,0
BRDA:409,75,0,0
BRDA:409,75,1,0
BRDA:409,76,0,0
BRDA:409,76,1,0
BRDA:412,77,0,0
BRDA:412,77,1,0
BRDA:422,78,0,0
BRDA:422,78,1,0
BRDA:425,79,0,0
BRDA:425,79,1,0
BRDA:427,80,0,0
BRDA:427,80,1,0
BRDA:442,81,0,0
BRDA:442,81,1,0
BRDA:442,82,0,0
BRDA:442,82,1,0
BRDA:445,83,0,0
BRDA:445,83,1,0
BRDA:456,84,0,0
BRDA:456,84,1,0
BRDA:458,85,0,0
BRDA:458,85,1,0
BRDA:468,86,0,0
BRDA:468,86,1,0
BRDA:468,87,0,0
BRDA:468,87,1,0
BRDA:471,88,0,0
BRDA:471,88,1,0
BRDA:484,89,0,0
BRDA:484,89,1,0
BRDA:484,90,0,0
BRDA:484,90,1,0
BRDA:487,91,0,0
BRDA:487,91,1,0
BRDA:498,92,0,0
BRDA:498,92,1,0
BRDA:500,93,0,0
BRDA:500,93,1,0
BRDA:501,94,0,0
BRDA:501,94,1,0
BRDA:502,95,0,0
BRDA:502,95,1,0
BRDA:502,95,2,0
BRDA:503,96,0,0
BRDA:503,96,1,0
BRDA:504,97,0,0
BRDA:504,97,1,0
BRDA:506,98,0,0
BRDA:506,98,1,0
BRDA:515,99,0,0
BRDA:515,99,1,0
BRDA:533,100,0,0
BRDA:533,100,1,0
BRDA:533,101,0,0
BRDA:533,101,1,0
BRDA:536,102,0,0
BRDA:536,102,1,0
BRDA:547,103,0,0
BRDA:547,103,1,0
BRDA:550,104,0,0
BRDA:550,104,1,0
BRDA:552,105,0,0
BRDA:552,105,1,0
BRDA:559,106,0,0
BRDA:559,106,1,0
BRDA:559,107,0,0
BRDA:559,107,1,0
BRDA:562,108,0,0
BRDA:562,108,1,0
BRF:219
BRH:41
end_of_record
TN:
SF:src\controllers\userController.js
FN:4,(anonymous_0)
FN:30,(anonymous_1)
FN:38,(anonymous_2)
FN:49,(anonymous_3)
FN:60,(anonymous_4)
FN:85,(anonymous_5)
FN:93,(anonymous_6)
FN:119,(anonymous_7)
FNF:8
FNH:0
FNDA:0,(anonymous_0)
FNDA:0,(anonymous_1)
FNDA:0,(anonymous_2)
FNDA:0,(anonymous_3)
FNDA:0,(anonymous_4)
FNDA:0,(anonymous_5)
FNDA:0,(anonymous_6)
FNDA:0,(anonymous_7)
DA:4,9
DA:5,0
DA:6,0
DA:7,0
DA:9,0
DA:10,0
DA:11,0
DA:19,0
DA:21,0
DA:26,0
DA:27,0
DA:29,0
DA:30,0
DA:31,0
DA:33,0
DA:34,0
DA:38,9
DA:39,0
DA:40,0
DA:42,0
DA:43,0
DA:45,0
DA:46,0
DA:49,0
DA:50,0
DA:61,0
DA:62,0
DA:65,0
DA:68,0
DA:69,0
DA:70,0
DA:72,0
DA:73,0
DA:75,0
DA:81,0
DA:82,0
DA:84,0
DA:85,0
DA:86,0
DA:88,0
DA:89,0
DA:93,9
DA:94,0
DA:95,0
DA:96,0
DA:98,0
DA:99,0
DA:102,0
DA:103,0
DA:104,0
DA:106,0
DA:107,0
DA:109,0
DA:115,0
DA:116,0
DA:118,0
DA:119,0
DA:120,0
DA:122,0
DA:123,0
LF:60
LH:3
BRDA:9,0,0,0
BRDA:9,0,1,0
BRDA:9,1,0,0
BRDA:9,1,1,0
BRDA:26,2,0,0
BRDA:26,2,1,0
BRDA:26,3,0,0
BRDA:26,3,1,0
BRDA:29,4,0,0
BRDA:29,4,1,0
BRDA:40,5,0,0
BRDA:40,5,1,0
BRDA:43,6,0,0
BRDA:43,6,1,0
BRDA:45,7,0,0
BRDA:45,7,1,0
BRDA:61,8,0,0
BRDA:61,8,1,0
BRDA:81,9,0,0
BRDA:81,9,1,0
BRDA:81,10,0,0
BRDA:81,10,1,0
BRDA:84,11,0,0
BRDA:84,11,1,0
BRDA:96,12,0,0
BRDA:96,12,1,0
BRDA:98,13,0,0
BRDA:98,13,1,0
BRDA:115,14,0,0
BRDA:115,14,1,0
BRDA:115,15,0,0
BRDA:115,15,1,0
BRDA:118,16,0,0
BRDA:118,16,1,0
BRF:34
BRH:0
end_of_record
TN:
SF:src\middlewares\authMiddleware.js
FN:4,(anonymous_0)
FNF:1
FNH:1
FNDA:49,(anonymous_0)
DA:4,9
DA:5,49
DA:9,49
DA:10,47
DA:13,49
DA:14,2
DA:18,47
DA:21,45
DA:23,45
DA:24,1
DA:28,44
DA:30,44
DA:32,2
LF:13
LH:13
BRDA:9,0,0,47
BRDA:9,0,1,2
BRDA:9,1,0,49
BRDA:9,1,1,47
BRDA:13,2,0,2
BRDA:13,2,1,47
BRDA:18,3,0,47
BRDA:18,3,1,0
BRDA:23,4,0,1
BRDA:23,4,1,44
BRF:10
BRH:9
end_of_record
TN:
SF:src\models\Attachment.js
FN:22,(anonymous_0)
FN:27,(anonymous_1)
FNF:2
FNH:0
FNDA:0,(anonymous_0)
FNDA:0,(anonymous_1)
DA:3,9
DA:18,9
DA:19,9
DA:20,9
DA:22,9
DA:23,0
DA:25,9
DA:28,0
DA:29,0
DA:32,9
DA:34,9
LF:11
LH:8
BRF:0
BRH:0
end_of_record
TN:
SF:src\models\Otp.js
FNF:0
FNH:0
DA:3,9
DA:22,9
LF:2
LH:2
BRF:0
BRH:0
end_of_record
TN:
SF:src\models\Project.js
FN:26,(anonymous_0)
FN:31,(anonymous_1)
FNF:2
FNH:2
FNDA:13,(anonymous_0)
FNDA:10,(anonymous_1)
DA:3,9
DA:22,9
DA:23,9
DA:26,9
DA:27,13
DA:29,9
DA:32,10
DA:33,10
DA:36,9
DA:38,9
LF:10
LH:10
BRF:0
BRH:0
end_of_record
TN:
SF:src\models\Task.js
FN:43,(anonymous_0)
FN:46,(anonymous_1)
FN:51,(anonymous_2)
FNF:3
FNH:3
FNDA:13,(anonymous_0)
FNDA:13,(anonymous_1)
FNDA:13,(anonymous_2)
DA:3,9
DA:39,9
DA:40,9
DA:41,9
DA:43,9
DA:44,13
DA:46,9
DA:47,13
DA:49,9
DA:52,13
DA:56,9
DA:58,9
LF:12
LH:12
BRF:0
BRH:0
end_of_record
TN:
SF:src\models\User.js
FNF:0
FNH:0
DA:3,9
DA:46,9
LF:2
LH:2
BRF:0
BRH:0
end_of_record
TN:
SF:src\repositories\attachmentRepository.js
FN:4,(anonymous_0)
FN:8,(anonymous_1)
FN:12,(anonymous_2)
FN:16,(anonymous_3)
FN:20,(anonymous_4)
FN:24,(anonymous_5)
FN:28,(anonymous_6)
FNF:7
FNH:1
FNDA:0,(anonymous_0)
FNDA:0,(anonymous_1)
FNDA:0,(anonymous_2)
FNDA:0,(anonymous_3)
FNDA:2,(anonymous_4)
FNDA:0,(anonymous_5)
FNDA:0,(anonymous_6)
DA:5,0
DA:9,0
DA:13,0
DA:17,0
DA:21,2
DA:25,0
DA:29,0
LF:7
LH:1
BRF:0
BRH:0
end_of_record
TN:
SF:src\repositories\otpRepository.js
FN:4,(anonymous_0)
FN:8,(anonymous_1)
FN:12,(anonymous_2)
FN:16,(anonymous_3)
FNF:4
FNH:4
FNDA:2,(anonymous_0)
FNDA:2,(anonymous_1)
FNDA:1,(anonymous_2)
FNDA:2,(anonymous_3)
DA:5,2
DA:9,2
DA:13,1
DA:17,2
LF:4
LH:4
BRF:0
BRH:0
end_of_record
TN:
SF:src\repositories\projectRepository.js
FN:4,(anonymous_0)
FN:8,(anonymous_1)
FN:12,(anonymous_2)
FN:16,(anonymous_3)
FN:20,(anonymous_4)
FN:28,(anonymous_5)
FN:32,(anonymous_6)
FN:36,(anonymous_7)
FNF:8
FNH:7
FNDA:0,(anonymous_0)
FNDA:3,(anonymous_1)
FNDA:6,(anonymous_2)
FNDA:1,(anonymous_3)
FNDA:1,(anonymous_4)
FNDA:1,(anonymous_5)
FNDA:1,(anonymous_6)
FNDA:3,(anonymous_7)
DA:5,0
DA:9,3
DA:13,6
DA:17,1
DA:21,1
DA:29,1
DA:33,1
DA:37,3
LF:8
LH:7
BRF:0
BRH:0
end_of_record
TN:
SF:src\repositories\taskRepository.js
FN:4,(anonymous_0)
FN:8,(anonymous_1)
FN:12,(anonymous_2)
FN:16,(anonymous_3)
FN:20,(anonymous_4)
FN:24,(anonymous_5)
FN:28,(anonymous_6)
FN:32,(anonymous_7)
FN:36,(anonymous_8)
FN:40,(anonymous_9)
FN:44,(anonymous_10)
FN:48,(anonymous_11)
FN:52,(anonymous_12)
FN:56,(anonymous_13)
FN:60,(anonymous_14)
FN:64,(anonymous_15)
FNF:16
FNH:10
FNDA:1,(anonymous_0)
FNDA:12,(anonymous_1)
FNDA:0,(anonymous_2)
FNDA:1,(anonymous_3)
FNDA:0,(anonymous_4)
FNDA:1,(anonymous_5)
FNDA:2,(anonymous_6)
FNDA:0,(anonymous_7)
FNDA:1,(anonymous_8)
FNDA:2,(anonymous_9)
FNDA:0,(anonymous_10)
FNDA:1,(anonymous_11)
FNDA:1,(anonymous_12)
FNDA:0,(anonymous_13)
FNDA:0,(anonymous_14)
FNDA:12,(anonymous_15)
DA:5,1
DA:9,12
DA:13,0
DA:17,1
DA:21,0
DA:25,1
DA:29,2
DA:33,0
DA:37,1
DA:41,2
DA:45,0
DA:49,1
DA:53,1
DA:57,0
DA:61,0
DA:65,12
LF:16
LH:10
BRF:0
BRH:0
end_of_record
TN:
SF:src\repositories\userRepository.js
FN:4,(anonymous_0)
FN:8,(anonymous_1)
FN:12,(anonymous_2)
FN:16,(anonymous_3)
FN:20,(anonymous_4)
FN:24,(anonymous_5)
FNF:6
FNH:5
FNDA:5,(anonymous_0)
FNDA:46,(anonymous_1)
FNDA:12,(anonymous_2)
FNDA:0,(anonymous_3)
FNDA:1,(anonymous_4)
FNDA:4,(anonymous_5)
DA:5,5
DA:9,46
DA:13,12
DA:17,0
DA:21,1
DA:25,4
LF:6
LH:5
BRF:0
BRH:0
end_of_record
TN:
SF:src\routes\attachmentRoutes.js
FNF:0
FNH:0
DA:5,9
DA:7,9
DA:8,9
LF:3
LH:3
BRF:0
BRH:0
end_of_record
TN:
SF:src\routes\authRoutes.js
FNF:0
FNH:0
DA:5,9
DA:7,9
DA:8,9
DA:9,9
DA:10,9
DA:11,9
DA:14,9
DA:15,9
DA:16,9
LF:9
LH:9
BRF:0
BRH:0
end_of_record
TN:
SF:src\routes\cloudinaryRoutes.js
FNF:0
FNH:0
DA:5,9
DA:7,9
LF:2
LH:2
BRF:0
BRH:0
end_of_record
TN:
SF:src\routes\dashboardRoutes.js
FNF:0
FNH:0
DA:5,9
DA:7,9
DA:9,9
DA:10,9
DA:11,9
DA:12,9
DA:13,9
LF:7
LH:7
BRF:0
BRH:0
end_of_record
TN:
SF:src\routes\projectRoutes.js
FNF:0
FNH:0
DA:24,9
DA:26,9
DA:27,9
DA:28,9
DA:29,9
DA:30,9
DA:31,9
DA:32,9
DA:33,9
DA:34,9
DA:37,9
DA:38,9
DA:39,9
DA:42,9
DA:43,9
DA:46,9
DA:47,9
DA:50,9
LF:18
LH:18
BRF:0
BRH:0
end_of_record
TN:
SF:src\routes\subtaskRoutes.js
FNF:0
FNH:0
DA:5,9
DA:7,9
DA:8,9
LF:3
LH:3
BRF:0
BRH:0
end_of_record
TN:
SF:src\routes\taskRoutes.js
FNF:0
FNH:0
DA:5,9
DA:7,9
DA:8,9
DA:9,9
DA:10,9
DA:11,9
DA:12,9
DA:13,9
DA:16,9
DA:17,9
DA:18,9
DA:22,9
DA:23,9
DA:26,9
DA:27,9
DA:28,9
LF:16
LH:16
BRF:0
BRH:0
end_of_record
TN:
SF:src\routes\userRoutes.js
FNF:0
FNH:0
DA:6,9
DA:8,9
DA:11,9
DA:12,9
LF:4
LH:4
BRF:0
BRH:0
end_of_record
TN:
SF:src\services\userService.js
FN:4,(anonymous_0)
FN:8,(anonymous_1)
FN:12,(anonymous_2)
FN:16,(anonymous_3)
FN:20,(anonymous_4)
FN:24,(anonymous_5)
FN:28,(anonymous_6)
FNF:7
FNH:6
FNDA:0,(anonymous_0)
FNDA:46,(anonymous_1)
FNDA:5,(anonymous_2)
FNDA:10,(anonymous_3)
FNDA:2,(anonymous_4)
FNDA:1,(anonymous_5)
FNDA:4,(anonymous_6)
DA:5,0
DA:9,46
DA:13,5
DA:17,10
DA:21,2
DA:25,1
DA:29,4
LF:7
LH:6
BRF:0
BRH:0
end_of_record
TN:
SF:src\utils\pagination.js
FN:18,(anonymous_0)
FN:123,(anonymous_1)
FNF:2
FNH:2
FNDA:2,(anonymous_0)
FNDA:2,(anonymous_1)
DA:1,9
DA:2,9
DA:3,9
DA:18,9
DA:26,2
DA:28,2
DA:29,2
DA:30,2
DA:31,2
DA:34,2
DA:35,1
DA:36,1
DA:38,1
DA:39,0
DA:43,1
DA:47,2
DA:48,1
DA:49,1
DA:51,1
DA:52,0
DA:57,1
DA:58,0
DA:62,1
DA:66,2
DA:67,0
DA:68,0
DA:69,0
DA:73,0
DA:77,2
DA:78,0
DA:79,0
DA:80,0
DA:81,0
DA:82,0
DA:84,0
DA:90,2
DA:91,2
DA:94,2
DA:95,2
DA:98,2
DA:100,2
DA:123,9
DA:125,2
DA:128,2
DA:129,2
DA:131,2
LF:46
LH:33
BRDA:18,0,0,0
BRDA:18,1,0,0
BRDA:20,2,0,0
BRDA:21,3,0,0
BRDA:22,4,0,0
BRDA:23,5,0,2
BRDA:24,6,0,2
BRDA:25,7,0,2
BRDA:34,8,0,1
BRDA:34,8,1,1
BRDA:38,9,0,0
BRDA:38,9,1,1
BRDA:38,10,0,1
BRDA:38,10,1,1
BRDA:38,10,2,1
BRDA:47,11,0,1
BRDA:47,11,1,1
BRDA:51,12,0,0
BRDA:51,12,1,1
BRDA:51,13,0,1
BRDA:51,13,1,1
BRDA:51,13,2,1
BRDA:57,14,0,0
BRDA:57,14,1,1
BRDA:66,15,0,0
BRDA:66,15,1,2
BRDA:66,16,0,2
BRDA:66,16,1,0
BRDA:68,17,0,0
BRDA:68,17,1,0
BRDA:77,18,0,0
BRDA:77,18,1,2
BRDA:77,19,0,2
BRDA:77,19,1,0
BRDA:79,20,0,0
BRDA:79,20,1,0
BRDA:79,21,0,0
BRDA:79,21,1,0
BRDA:79,21,2,0
BRDA:81,22,0,0
BRDA:81,22,1,0
BRDA:81,23,0,0
BRDA:81,23,1,0
BRDA:81,23,2,0
BRDA:90,24,0,0
BRDA:90,24,1,2
BRDA:94,25,0,2
BRDA:94,25,1,0
BRDA:125,26,0,0
BRDA:125,26,1,2
BRDA:129,27,0,2
BRDA:129,27,1,0
BRF:52
BRH:24
end_of_record
